/*C42*/SET SCHEMA PUBLIC
DELETE FROM SYS_SERVER WHERE ID='6543b0f1-ae52-8fac-788b-5b0b0909e5b2'
INSERT INTO SYS_SERVER VALUES('6543b0f1-ae52-8fac-788b-5b0b0909e5b2','2018-04-16 17:15:29.237000',NULL,'2018-04-16 17:26:06.995000',NULL,'localhost:8088/app-core',TRUE,NULL)
COMMIT
DELETE FROM SYS_SERVER WHERE ID='6543b0f1-ae52-8fac-788b-5b0b0909e5b2'
INSERT INTO SYS_SERVER VALUES('6543b0f1-ae52-8fac-788b-5b0b0909e5b2','2018-04-16 17:15:29.237000',NULL,'2018-04-16 17:26:32.623000',NULL,'localhost:8088/app-core',FALSE,NULL)
COMMIT
DISCONNECT
/*C43*/SET SCHEMA PUBLIC
DISCONNECT
/*C44*/SET SCHEMA PUBLIC
DELETE FROM SYS_SERVER WHERE ID='6543b0f1-ae52-8fac-788b-5b0b0909e5b2'
INSERT INTO SYS_SERVER VALUES('6543b0f1-ae52-8fac-788b-5b0b0909e5b2','2018-04-16 17:15:29.237000',NULL,'2018-04-16 17:28:23.248000',NULL,'localhost:8088/app-core',FALSE,NULL)
COMMIT
DISCONNECT
/*C45*/SET SCHEMA PUBLIC
DISCONNECT
/*C46*/SET SCHEMA PUBLIC
DELETE FROM SYS_SERVER WHERE ID='6543b0f1-ae52-8fac-788b-5b0b0909e5b2'
INSERT INTO SYS_SERVER VALUES('6543b0f1-ae52-8fac-788b-5b0b0909e5b2','2018-04-16 17:15:29.237000',NULL,'2018-04-16 17:31:23.404000',NULL,'localhost:8088/app-core',TRUE,NULL)
COMMIT
DELETE FROM SYS_SERVER WHERE ID='6543b0f1-ae52-8fac-788b-5b0b0909e5b2'
INSERT INTO SYS_SERVER VALUES('6543b0f1-ae52-8fac-788b-5b0b0909e5b2','2018-04-16 17:15:29.237000',NULL,'2018-04-16 17:32:23.406000',NULL,'localhost:8088/app-core',TRUE,NULL)
COMMIT
DELETE FROM SYS_SERVER WHERE ID='6543b0f1-ae52-8fac-788b-5b0b0909e5b2'
INSERT INTO SYS_SERVER VALUES('6543b0f1-ae52-8fac-788b-5b0b0909e5b2','2018-04-16 17:15:29.237000',NULL,'2018-04-16 17:33:23.411000',NULL,'localhost:8088/app-core',TRUE,NULL)
COMMIT
DELETE FROM SYS_SERVER WHERE ID='6543b0f1-ae52-8fac-788b-5b0b0909e5b2'
INSERT INTO SYS_SERVER VALUES('6543b0f1-ae52-8fac-788b-5b0b0909e5b2','2018-04-16 17:15:29.237000',NULL,'2018-04-16 17:33:42.273000',NULL,'localhost:8088/app-core',FALSE,NULL)
COMMIT
DISCONNECT
/*C47*/SET SCHEMA PUBLIC
DISCONNECT
/*C48*/SET SCHEMA PUBLIC
DELETE FROM SYS_SERVER WHERE ID='6543b0f1-ae52-8fac-788b-5b0b0909e5b2'
INSERT INTO SYS_SERVER VALUES('6543b0f1-ae52-8fac-788b-5b0b0909e5b2','2018-04-16 17:15:29.237000',NULL,'2018-04-16 17:34:46.835000',NULL,'localhost:8088/app-core',TRUE,NULL)
COMMIT
INSERT INTO SEC_REMEMBER_ME VALUES('eaff9bd2-2fc1-7f89-7eba-aa133f9c8114',NULL,NULL,NULL,'60885987-1b61-4247-94c7-dff348347f93','GryR70HWZR22BrmGEYJ3wCRs6q1QYjaF')
COMMIT
DELETE FROM SYS_SERVER WHERE ID='6543b0f1-ae52-8fac-788b-5b0b0909e5b2'
INSERT INTO SYS_SERVER VALUES('6543b0f1-ae52-8fac-788b-5b0b0909e5b2','2018-04-16 17:15:29.237000',NULL,'2018-04-16 17:35:46.834000',NULL,'localhost:8088/app-core',TRUE,NULL)
COMMIT
DELETE FROM SYS_SERVER WHERE ID='6543b0f1-ae52-8fac-788b-5b0b0909e5b2'
INSERT INTO SYS_SERVER VALUES('6543b0f1-ae52-8fac-788b-5b0b0909e5b2','2018-04-16 17:15:29.237000',NULL,'2018-04-16 17:36:46.835000',NULL,'localhost:8088/app-core',TRUE,NULL)
COMMIT
DELETE FROM SYS_SERVER WHERE ID='6543b0f1-ae52-8fac-788b-5b0b0909e5b2'
INSERT INTO SYS_SERVER VALUES('6543b0f1-ae52-8fac-788b-5b0b0909e5b2','2018-04-16 17:15:29.237000',NULL,'2018-04-16 17:37:46.839000',NULL,'localhost:8088/app-core',TRUE,NULL)
COMMIT
DELETE FROM SYS_SERVER WHERE ID='6543b0f1-ae52-8fac-788b-5b0b0909e5b2'
INSERT INTO SYS_SERVER VALUES('6543b0f1-ae52-8fac-788b-5b0b0909e5b2','2018-04-16 17:15:29.237000',NULL,'2018-04-16 17:38:46.872000',NULL,'localhost:8088/app-core',TRUE,NULL)
COMMIT
DELETE FROM SYS_SERVER WHERE ID='6543b0f1-ae52-8fac-788b-5b0b0909e5b2'
INSERT INTO SYS_SERVER VALUES('6543b0f1-ae52-8fac-788b-5b0b0909e5b2','2018-04-16 17:15:29.237000',NULL,'2018-04-16 17:39:46.859000',NULL,'localhost:8088/app-core',TRUE,NULL)
COMMIT
INSERT INTO SEC_USER_SETTING VALUES('b48b99b9-7b1f-da1f-f1c1-dba33df4c9d9',NULL,NULL,'60885987-1b61-4247-94c7-dff348347f93','W','sct$VtOPCSignal.browse','<?xml version="1.0" encoding="UTF-8"?>\u000a\u000a<settings>\u000a  <components>\u000a    <component name="filter">\u000a      <defaultFilter/>\u000a      <groupBoxExpanded>true</groupBoxExpanded>\u000a    </component>\u000a    <component name="vtOPCSignalsTable">\u000a      <columns>\u000a        <columns id="itemId" visible="true"/>\u000a        <columns id="groupType" visible="true"/>\u000a        <columns id="dataType" visible="true"/>\u000a        <columns id="value" visible="true"/>\u000a        <columns id="quality" visible="true"/>\u000a        <columns id="updateCount" visible="true"/>\u000a        <columns id="lastUpdateTime" visible="true"/>\u000a        <columns id="description" visible="true"/>\u000a      </columns>\u000a      <groupProperties/>\u000a    </component>\u000a  </components>\u000a</settings>\u000a')
COMMIT
INSERT INTO SEC_USER_SETTING VALUES('bd6a9065-f33a-659f-9817-4abb0870feff',NULL,NULL,'60885987-1b61-4247-94c7-dff348347f93','W','sct$VtApps.browse','<?xml version="1.0" encoding="UTF-8"?>\u000a\u000a<settings>\u000a  <components>\u000a    <component name="filter">\u000a      <defaultFilter/>\u000a      <groupBoxExpanded>true</groupBoxExpanded>\u000a    </component>\u000a    <component name="vtAppsesTable">\u000a      <columns>\u000a        <columns id="name" visible="true"/>\u000a        <columns id="ip" visible="true"/>\u000a        <columns id="port" visible="true"/>\u000a        <columns id="batPath" visible="true"/>\u000a        <columns id="description" visible="true"/>\u000a        <columns id="state" visible="true"/>\u000a        <columns id="status" visible="true"/>\u000a      </columns>\u000a      <groupProperties/>\u000a    </component>\u000a  </components>\u000a</settings>\u000a')
COMMIT
DELETE FROM SYS_SERVER WHERE ID='6543b0f1-ae52-8fac-788b-5b0b0909e5b2'
INSERT INTO SYS_SERVER VALUES('6543b0f1-ae52-8fac-788b-5b0b0909e5b2','2018-04-16 17:15:29.237000',NULL,'2018-04-16 17:40:46.862000',NULL,'localhost:8088/app-core',TRUE,NULL)
COMMIT
DELETE FROM SYS_SERVER WHERE ID='6543b0f1-ae52-8fac-788b-5b0b0909e5b2'
INSERT INTO SYS_SERVER VALUES('6543b0f1-ae52-8fac-788b-5b0b0909e5b2','2018-04-16 17:15:29.237000',NULL,'2018-04-16 17:41:46.866000',NULL,'localhost:8088/app-core',TRUE,NULL)
COMMIT
DELETE FROM SYS_SERVER WHERE ID='6543b0f1-ae52-8fac-788b-5b0b0909e5b2'
INSERT INTO SYS_SERVER VALUES('6543b0f1-ae52-8fac-788b-5b0b0909e5b2','2018-04-16 17:15:29.237000',NULL,'2018-04-16 17:42:46.872000',NULL,'localhost:8088/app-core',TRUE,NULL)
COMMIT
DELETE FROM SYS_SERVER WHERE ID='6543b0f1-ae52-8fac-788b-5b0b0909e5b2'
INSERT INTO SYS_SERVER VALUES('6543b0f1-ae52-8fac-788b-5b0b0909e5b2','2018-04-16 17:15:29.237000',NULL,'2018-04-16 17:43:46.875000',NULL,'localhost:8088/app-core',TRUE,NULL)
COMMIT
DELETE FROM SYS_SERVER WHERE ID='6543b0f1-ae52-8fac-788b-5b0b0909e5b2'
INSERT INTO SYS_SERVER VALUES('6543b0f1-ae52-8fac-788b-5b0b0909e5b2','2018-04-16 17:15:29.237000',NULL,'2018-04-16 17:44:46.882000',NULL,'localhost:8088/app-core',TRUE,NULL)
COMMIT
INSERT INTO SCT_MQTT VALUES('118004f6-b55a-dcba-26b7-205cfb5085ee',1,'2018-04-16 17:45:26.103000','anonymous','2018-04-16 17:45:26.103000',NULL,NULL,NULL,NULL,'topic1','m')
COMMIT
DELETE FROM SYS_SERVER WHERE ID='6543b0f1-ae52-8fac-788b-5b0b0909e5b2'
INSERT INTO SYS_SERVER VALUES('6543b0f1-ae52-8fac-788b-5b0b0909e5b2','2018-04-16 17:15:29.237000',NULL,'2018-04-16 17:45:46.887000',NULL,'localhost:8088/app-core',TRUE,NULL)
COMMIT
INSERT INTO SCT_RFID_PORT VALUES('5d564b1d-52f4-855d-2bc5-347b2a4697b2',1,'2018-04-16 17:46:03.477000','admin','2018-04-16 17:46:03.477000',NULL,NULL,NULL,'test1',1,1,NULL,'topic1')
COMMIT
INSERT INTO SEC_USER_SETTING VALUES('93a36d2c-04a9-9d32-e208-2f8a1165f481',NULL,NULL,'60885987-1b61-4247-94c7-dff348347f93','W','sct$RfidPort.browse','<?xml version="1.0" encoding="UTF-8"?>\u000a\u000a<settings>\u000a  <components>\u000a    <component name="filter">\u000a      <defaultFilter/>\u000a      <groupBoxExpanded>true</groupBoxExpanded>\u000a    </component>\u000a    <component name="rfidPortsTable">\u000a      <columns>\u000a        <columns id="name" visible="true"/>\u000a        <columns id="antenna" visible="true"/>\u000a        <columns id="valid_rssi" visible="true"/>\u000a        <columns id="mqtt_topics" visible="true"/>\u000a      </columns>\u000a      <groupProperties/>\u000a    </component>\u000a  </components>\u000a</settings>\u000a')
COMMIT
INSERT INTO SCT_RFID_IMPINJ VALUES('cb265070-be0f-6e5b-9e63-538ec8fe30b1',1,'2018-04-16 17:46:05.678000','admin','2018-04-16 17:46:05.678000',NULL,NULL,NULL,'test','1','1')
DELETE FROM SCT_RFID_PORT WHERE ID='5d564b1d-52f4-855d-2bc5-347b2a4697b2'
INSERT INTO SCT_RFID_PORT VALUES('5d564b1d-52f4-855d-2bc5-347b2a4697b2',2,'2018-04-16 17:46:03.477000','admin','2018-04-16 17:46:05.700000','admin',NULL,NULL,'test1',1,1,'cb265070-be0f-6e5b-9e63-538ec8fe30b1','topic1')
COMMIT
INSERT INTO SEC_USER_SETTING VALUES('b2a31022-6464-b9b4-ae57-79563138ce28',NULL,NULL,'60885987-1b61-4247-94c7-dff348347f93','W','sct$RfidImpinj.edit','<?xml version="1.0" encoding="UTF-8"?>\u000a\u000a<settings>\u000a  <components>\u000a    <component name="portBox">\u000a      <groupBox expanded="true"/>\u000a    </component>\u000a    <component name="portTable">\u000a      <columns>\u000a        <columns id="name" visible="true"/>\u000a        <columns id="antenna" visible="true"/>\u000a        <columns id="valid_rssi" visible="true"/>\u000a      </columns>\u000a    </component>\u000a  </components>\u000a</settings>\u000a')
COMMIT
DELETE FROM SYS_SERVER WHERE ID='6543b0f1-ae52-8fac-788b-5b0b0909e5b2'
INSERT INTO SYS_SERVER VALUES('6543b0f1-ae52-8fac-788b-5b0b0909e5b2','2018-04-16 17:15:29.237000',NULL,'2018-04-16 17:46:46.894000',NULL,'localhost:8088/app-core',TRUE,NULL)
COMMIT
INSERT INTO SCT_MQTT VALUES('66714295-125e-0665-585b-939308de033e',1,'2018-04-16 17:46:53.029000','anonymous','2018-04-16 17:46:53.029000',NULL,NULL,NULL,NULL,'topic1','m')
COMMIT
DELETE FROM SYS_SERVER WHERE ID='6543b0f1-ae52-8fac-788b-5b0b0909e5b2'
INSERT INTO SYS_SERVER VALUES('6543b0f1-ae52-8fac-788b-5b0b0909e5b2','2018-04-16 17:15:29.237000',NULL,'2018-04-16 17:47:46.895000',NULL,'localhost:8088/app-core',TRUE,NULL)
COMMIT
/*C49*/SET SCHEMA PUBLIC
DELETE FROM SYS_SERVER WHERE ID='6543b0f1-ae52-8fac-788b-5b0b0909e5b2'
INSERT INTO SYS_SERVER VALUES('6543b0f1-ae52-8fac-788b-5b0b0909e5b2','2018-04-16 17:15:29.237000',NULL,'2018-04-16 17:48:46.902000',NULL,'localhost:8088/app-core',TRUE,NULL)
COMMIT
DELETE FROM SYS_SERVER WHERE ID='6543b0f1-ae52-8fac-788b-5b0b0909e5b2'
INSERT INTO SYS_SERVER VALUES('6543b0f1-ae52-8fac-788b-5b0b0909e5b2','2018-04-16 17:15:29.237000',NULL,'2018-04-16 17:49:46.904000',NULL,'localhost:8088/app-core',TRUE,NULL)
COMMIT
DELETE FROM SYS_SERVER WHERE ID='6543b0f1-ae52-8fac-788b-5b0b0909e5b2'
INSERT INTO SYS_SERVER VALUES('6543b0f1-ae52-8fac-788b-5b0b0909e5b2','2018-04-16 17:15:29.237000',NULL,'2018-04-16 17:50:46.907000',NULL,'localhost:8088/app-core',TRUE,NULL)
COMMIT
/*C48*/DELETE FROM SYS_SERVER WHERE ID='6543b0f1-ae52-8fac-788b-5b0b0909e5b2'
INSERT INTO SYS_SERVER VALUES('6543b0f1-ae52-8fac-788b-5b0b0909e5b2','2018-04-16 17:15:29.237000',NULL,'2018-04-16 17:51:46.914000',NULL,'localhost:8088/app-core',TRUE,NULL)
COMMIT
/*C49*/DELETE FROM SYS_SERVER WHERE ID='6543b0f1-ae52-8fac-788b-5b0b0909e5b2'
INSERT INTO SYS_SERVER VALUES('6543b0f1-ae52-8fac-788b-5b0b0909e5b2','2018-04-16 17:15:29.237000',NULL,'2018-04-16 17:52:46.937000',NULL,'localhost:8088/app-core',TRUE,NULL)
COMMIT
/*C48*/DELETE FROM SYS_SERVER WHERE ID='6543b0f1-ae52-8fac-788b-5b0b0909e5b2'
INSERT INTO SYS_SERVER VALUES('6543b0f1-ae52-8fac-788b-5b0b0909e5b2','2018-04-16 17:15:29.237000',NULL,'2018-04-16 17:53:46.943000',NULL,'localhost:8088/app-core',TRUE,NULL)
COMMIT
DELETE FROM SYS_SERVER WHERE ID='6543b0f1-ae52-8fac-788b-5b0b0909e5b2'
INSERT INTO SYS_SERVER VALUES('6543b0f1-ae52-8fac-788b-5b0b0909e5b2','2018-04-16 17:15:29.237000',NULL,'2018-04-16 17:54:46.950000',NULL,'localhost:8088/app-core',TRUE,NULL)
COMMIT
/*C49*/DELETE FROM SYS_SERVER WHERE ID='6543b0f1-ae52-8fac-788b-5b0b0909e5b2'
INSERT INTO SYS_SERVER VALUES('6543b0f1-ae52-8fac-788b-5b0b0909e5b2','2018-04-16 17:15:29.237000',NULL,'2018-04-16 17:55:46.955000',NULL,'localhost:8088/app-core',TRUE,NULL)
COMMIT
/*C48*/DELETE FROM SYS_SERVER WHERE ID='6543b0f1-ae52-8fac-788b-5b0b0909e5b2'
INSERT INTO SYS_SERVER VALUES('6543b0f1-ae52-8fac-788b-5b0b0909e5b2','2018-04-16 17:15:29.237000',NULL,'2018-04-16 17:56:46.962000',NULL,'localhost:8088/app-core',TRUE,NULL)
COMMIT
/*C50*/SET SCHEMA PUBLIC
DISCONNECT
/*C49*/DELETE FROM SYS_SERVER WHERE ID='6543b0f1-ae52-8fac-788b-5b0b0909e5b2'
INSERT INTO SYS_SERVER VALUES('6543b0f1-ae52-8fac-788b-5b0b0909e5b2','2018-04-16 17:15:29.237000',NULL,'2018-04-16 17:57:46.969000',NULL,'localhost:8088/app-core',TRUE,NULL)
COMMIT
DELETE FROM SYS_SERVER WHERE ID='6543b0f1-ae52-8fac-788b-5b0b0909e5b2'
INSERT INTO SYS_SERVER VALUES('6543b0f1-ae52-8fac-788b-5b0b0909e5b2','2018-04-16 17:15:29.237000',NULL,'2018-04-16 17:58:46.971000',NULL,'localhost:8088/app-core',TRUE,NULL)
COMMIT
/*C48*/DELETE FROM SYS_SERVER WHERE ID='6543b0f1-ae52-8fac-788b-5b0b0909e5b2'
INSERT INTO SYS_SERVER VALUES('6543b0f1-ae52-8fac-788b-5b0b0909e5b2','2018-04-16 17:15:29.237000',NULL,'2018-04-16 17:59:46.975000',NULL,'localhost:8088/app-core',TRUE,NULL)
COMMIT
DELETE FROM SYS_SERVER WHERE ID='6543b0f1-ae52-8fac-788b-5b0b0909e5b2'
INSERT INTO SYS_SERVER VALUES('6543b0f1-ae52-8fac-788b-5b0b0909e5b2','2018-04-16 17:15:29.237000',NULL,'2018-04-16 18:00:46.982000',NULL,'localhost:8088/app-core',TRUE,NULL)
COMMIT
/*C51*/SET SCHEMA PUBLIC
DISCONNECT
/*C52*/SET SCHEMA PUBLIC
DISCONNECT
/*C49*/DELETE FROM SYS_SERVER WHERE ID='6543b0f1-ae52-8fac-788b-5b0b0909e5b2'
INSERT INTO SYS_SERVER VALUES('6543b0f1-ae52-8fac-788b-5b0b0909e5b2','2018-04-16 17:15:29.237000',NULL,'2018-04-16 18:01:46.986000',NULL,'localhost:8088/app-core',TRUE,NULL)
COMMIT
DELETE FROM SYS_SERVER WHERE ID='6543b0f1-ae52-8fac-788b-5b0b0909e5b2'
INSERT INTO SYS_SERVER VALUES('6543b0f1-ae52-8fac-788b-5b0b0909e5b2','2018-04-16 17:15:29.237000',NULL,'2018-04-16 18:01:54.970000',NULL,'localhost:8088/app-core',FALSE,NULL)
COMMIT
DISCONNECT
/*C48*/DISCONNECT
/*C53*/SET SCHEMA PUBLIC
DISCONNECT
/*C54*/SET SCHEMA PUBLIC
DISCONNECT
/*C55*/SET SCHEMA PUBLIC
DISCONNECT
/*C56*/SET SCHEMA PUBLIC
DISCONNECT
/*C58*/SET SCHEMA PUBLIC
DISCONNECT
/*C57*/SET SCHEMA PUBLIC
DISCONNECT
/*C59*/SET SCHEMA PUBLIC
DISCONNECT
/*C60*/SET SCHEMA PUBLIC
DISCONNECT
/*C61*/SET SCHEMA PUBLIC
DISCONNECT
/*C63*/SET SCHEMA PUBLIC
INSERT INTO SEC_REMEMBER_ME VALUES('c7157fac-d175-4f76-bbb9-3ee4f71d0f13',NULL,NULL,NULL,'60885987-1b61-4247-94c7-dff348347f93','EIaNippI1KT2EHLI7CrQvLMEcxVsFYoT')
COMMIT
DELETE FROM SYS_SERVER WHERE ID='6543b0f1-ae52-8fac-788b-5b0b0909e5b2'
INSERT INTO SYS_SERVER VALUES('6543b0f1-ae52-8fac-788b-5b0b0909e5b2','2018-04-16 17:15:29.237000',NULL,'2018-04-16 18:16:53.584000',NULL,'localhost:8088/app-core',TRUE,NULL)
COMMIT
/*C64*/SET SCHEMA PUBLIC
DISCONNECT
/*C65*/SET SCHEMA PUBLIC
DISCONNECT
/*C66*/SET SCHEMA PUBLIC
DISCONNECT
/*C67*/SET SCHEMA PUBLIC
DISCONNECT
/*C69*/SET SCHEMA PUBLIC
DISCONNECT
/*C68*/SET SCHEMA PUBLIC
DISCONNECT
/*C70*/SET SCHEMA PUBLIC
DISCONNECT
/*C71*/SET SCHEMA PUBLIC
DISCONNECT
/*C63*/DELETE FROM SYS_SERVER WHERE ID='6543b0f1-ae52-8fac-788b-5b0b0909e5b2'
INSERT INTO SYS_SERVER VALUES('6543b0f1-ae52-8fac-788b-5b0b0909e5b2','2018-04-16 17:15:29.237000',NULL,'2018-04-16 18:17:31.258000',NULL,'localhost:8088/app-core',FALSE,NULL)
COMMIT
DISCONNECT
/*C62*/SET SCHEMA PUBLIC
DISCONNECT
/*C72*/SET SCHEMA PUBLIC
DISCONNECT
/*C73*/SET SCHEMA PUBLIC
INSERT INTO SEC_REMEMBER_ME VALUES('a15f3705-96d5-7172-5333-83d417b76b37',NULL,NULL,NULL,'60885987-1b61-4247-94c7-dff348347f93','AMwuoUUDqJ4OPdWPFejiriQ0jN6VDLr4')
COMMIT
DELETE FROM SYS_SERVER WHERE ID='6543b0f1-ae52-8fac-788b-5b0b0909e5b2'
INSERT INTO SYS_SERVER VALUES('6543b0f1-ae52-8fac-788b-5b0b0909e5b2','2018-04-16 17:15:29.237000',NULL,'2018-04-16 18:18:58.285000',NULL,'localhost:8088/app-core',TRUE,NULL)
COMMIT
DELETE FROM SYS_SERVER WHERE ID='6543b0f1-ae52-8fac-788b-5b0b0909e5b2'
INSERT INTO SYS_SERVER VALUES('6543b0f1-ae52-8fac-788b-5b0b0909e5b2','2018-04-16 17:15:29.237000',NULL,'2018-04-16 18:19:58.282000',NULL,'localhost:8088/app-core',TRUE,NULL)
COMMIT
DELETE FROM SYS_SERVER WHERE ID='6543b0f1-ae52-8fac-788b-5b0b0909e5b2'
INSERT INTO SYS_SERVER VALUES('6543b0f1-ae52-8fac-788b-5b0b0909e5b2','2018-04-16 17:15:29.237000',NULL,'2018-04-16 18:20:58.286000',NULL,'localhost:8088/app-core',TRUE,NULL)
COMMIT
/*C75*/SET SCHEMA PUBLIC
DISCONNECT
/*C76*/SET SCHEMA PUBLIC
DISCONNECT
/*C77*/SET SCHEMA PUBLIC
DISCONNECT
/*C78*/SET SCHEMA PUBLIC
DISCONNECT
/*C80*/SET SCHEMA PUBLIC
DISCONNECT
/*C79*/SET SCHEMA PUBLIC
DISCONNECT
/*C81*/SET SCHEMA PUBLIC
DISCONNECT
/*C82*/SET SCHEMA PUBLIC
DISCONNECT
/*C74*/SET SCHEMA PUBLIC
DELETE FROM SYS_SERVER WHERE ID='6543b0f1-ae52-8fac-788b-5b0b0909e5b2'
INSERT INTO SYS_SERVER VALUES('6543b0f1-ae52-8fac-788b-5b0b0909e5b2','2018-04-16 17:15:29.237000',NULL,'2018-04-16 18:21:57.839000',NULL,'localhost:8088/app-core',FALSE,NULL)
COMMIT
DISCONNECT
/*C73*/DISCONNECT
/*C83*/SET SCHEMA PUBLIC
DISCONNECT
/*C86*/SET SCHEMA PUBLIC
DISCONNECT
/*C87*/SET SCHEMA PUBLIC
DISCONNECT
/*C88*/SET SCHEMA PUBLIC
DISCONNECT
/*C85*/SET SCHEMA PUBLIC
DELETE FROM SYS_SERVER WHERE ID='6543b0f1-ae52-8fac-788b-5b0b0909e5b2'
INSERT INTO SYS_SERVER VALUES('6543b0f1-ae52-8fac-788b-5b0b0909e5b2','2018-04-16 17:15:29.237000',NULL,'2018-04-16 18:23:35.070000',NULL,'localhost:8088/app-core',TRUE,NULL)
COMMIT
/*C89*/SET SCHEMA PUBLIC
DISCONNECT
/*C84*/SET SCHEMA PUBLIC
DELETE FROM SYS_SERVER WHERE ID='6543b0f1-ae52-8fac-788b-5b0b0909e5b2'
INSERT INTO SYS_SERVER VALUES('6543b0f1-ae52-8fac-788b-5b0b0909e5b2','2018-04-16 17:15:29.237000',NULL,'2018-04-16 18:24:35.073000',NULL,'localhost:8088/app-core',TRUE,NULL)
COMMIT
INSERT INTO SEC_REMEMBER_ME VALUES('347e1de5-33c5-e3ff-74f6-0a937a5c0e0b',NULL,NULL,NULL,'60885987-1b61-4247-94c7-dff348347f93','c8TC9eZk6OVxSwZLECgaYNxfii4rq3ue')
COMMIT
/*C85*/DELETE FROM SYS_SERVER WHERE ID='6543b0f1-ae52-8fac-788b-5b0b0909e5b2'
INSERT INTO SYS_SERVER VALUES('6543b0f1-ae52-8fac-788b-5b0b0909e5b2','2018-04-16 17:15:29.237000',NULL,'2018-04-16 18:25:35.079000',NULL,'localhost:8088/app-core',TRUE,NULL)
COMMIT
/*C90*/SET SCHEMA PUBLIC
DISCONNECT
/*C84*/DELETE FROM SYS_SERVER WHERE ID='6543b0f1-ae52-8fac-788b-5b0b0909e5b2'
INSERT INTO SYS_SERVER VALUES('6543b0f1-ae52-8fac-788b-5b0b0909e5b2','2018-04-16 17:15:29.237000',NULL,'2018-04-16 18:26:35.085000',NULL,'localhost:8088/app-core',TRUE,NULL)
COMMIT
/*C91*/SET SCHEMA PUBLIC
DISCONNECT
/*C92*/SET SCHEMA PUBLIC
DISCONNECT
/*C93*/SET SCHEMA PUBLIC
DISCONNECT
/*C94*/SET SCHEMA PUBLIC
DISCONNECT
/*C96*/SET SCHEMA PUBLIC
DISCONNECT
/*C95*/SET SCHEMA PUBLIC
DISCONNECT
/*C97*/SET SCHEMA PUBLIC
DISCONNECT
/*C98*/SET SCHEMA PUBLIC
DISCONNECT
/*C84*/DELETE FROM SYS_SERVER WHERE ID='6543b0f1-ae52-8fac-788b-5b0b0909e5b2'
INSERT INTO SYS_SERVER VALUES('6543b0f1-ae52-8fac-788b-5b0b0909e5b2','2018-04-16 17:15:29.237000',NULL,'2018-04-16 18:27:35.091000',NULL,'localhost:8088/app-core',TRUE,NULL)
COMMIT
DELETE FROM SYS_SERVER WHERE ID='6543b0f1-ae52-8fac-788b-5b0b0909e5b2'
INSERT INTO SYS_SERVER VALUES('6543b0f1-ae52-8fac-788b-5b0b0909e5b2','2018-04-16 17:15:29.237000',NULL,'2018-04-16 18:27:37.604000',NULL,'localhost:8088/app-core',FALSE,NULL)
COMMIT
/*C85*/DISCONNECT
/*C84*/DISCONNECT
/*C99*/SET SCHEMA PUBLIC
DISCONNECT
/*C103*/SET SCHEMA PUBLIC
DISCONNECT
/*C102*/SET SCHEMA PUBLIC
DISCONNECT
/*C104*/SET SCHEMA PUBLIC
DISCONNECT
/*C101*/SET SCHEMA PUBLIC
INSERT INTO SEC_REMEMBER_ME VALUES('2063d3b7-e711-1cdd-9e50-f7528f4bd70e',NULL,NULL,NULL,'60885987-1b61-4247-94c7-dff348347f93','XZgY3BL0WwQUf1gDkgwlrRX4MxUhAZyr')
COMMIT
DELETE FROM SYS_SERVER WHERE ID='6543b0f1-ae52-8fac-788b-5b0b0909e5b2'
INSERT INTO SYS_SERVER VALUES('6543b0f1-ae52-8fac-788b-5b0b0909e5b2','2018-04-16 17:15:29.237000',NULL,'2018-04-16 18:29:34.458000',NULL,'localhost:8088/app-core',TRUE,NULL)
COMMIT
INSERT INTO SCT_VT_OPC_SIGNAL VALUES('816a944c-6ea5-2f7d-672b-f112220ef51a',1,'2018-04-16 18:29:39.348000','admin','2018-04-16 18:29:39.348000',NULL,NULL,NULL,'BagsClear',NULL,'Boolean',NULL,'Good',NULL,'2018-04-16 18:29:39.346000','\u663e\u793a\u6846\u4e0a\u5f53\u524d\u6253\u5305\u603b\u6570\u6e05\u96f6\uff0c\u89e6\u53d1\u6e05\u96f6\u64cd\u4f5c\u65f6\u503c\u53d8\u4e3a1\uff0c\u89e6\u53d1\u5b8c\u6bd5\u4e4b\u540e\u503c\u53d8\u4e3a0')
COMMIT
INSERT INTO SCT_VT_OPC_SIGNAL VALUES('b1f6901d-eb41-d61d-a520-50d9c49cdec0',1,'2018-04-16 18:29:39.369000','admin','2018-04-16 18:29:39.369000',NULL,NULL,NULL,'BagSet',NULL,'Float',NULL,'Good',NULL,'2018-04-16 18:29:39.368000','\u663e\u793a\u6846\u4e0a\u5f53\u524d\u5305\u88c5\u89c4\u683c  kg/\u888b')
COMMIT
INSERT INTO SCT_VT_OPC_SIGNAL VALUES('2dbdb180-621f-d07e-3332-6257403c8471',1,'2018-04-16 18:29:39.384000','admin','2018-04-16 18:29:39.384000',NULL,NULL,NULL,'out_alm',NULL,'Boolean',NULL,'Good',NULL,'2018-04-16 18:29:39.383000','\u5b9e\u9645\u5305\u88c5\u8d28\u91cf\u8d85\u8fc7\u8bef\u5dee\u8303\u56f4\u5c31\u62a5\u8b66\uff0c1\u8868\u793a\u62a5\u8b66\uff0c0\u706f\u706d')
COMMIT
INSERT INTO SCT_VT_OPC_SIGNAL VALUES('3cc17549-8464-1de9-c7eb-54e0c1c54c40',1,'2018-04-16 18:29:39.406000','admin','2018-04-16 18:29:39.406000',NULL,NULL,NULL,'TotalBags',NULL,'DWord',NULL,'Good',NULL,'2018-04-16 18:29:39.405000','\u5f53\u524d\u6253\u5305\u4e2a\u6570')
COMMIT
INSERT INTO SCT_VT_OPC_SIGNAL VALUES('f7c527c9-b850-08be-1cea-edeca64e5c78',1,'2018-04-16 18:29:39.431000','admin','2018-04-16 18:29:39.431000',NULL,NULL,NULL,'Micro11_zero',NULL,'Boolean',NULL,'Good',NULL,'2018-04-16 18:29:39.430000','\u5c0f\u6599\u79e4\u6e05\u96f6\u6807\u5fd7\uff0c\u89e6\u53d1\u6e05\u96f6\u64cd\u4f5c\u65f6\u503c\u53d8\u4e3a1\uff0c\u89e6\u53d1\u5b8c\u6bd5\u4e4b\u540e\u503c\u53d8\u4e3a0')
COMMIT
INSERT INTO SCT_VT_OPC_SIGNAL VALUES('a241f585-d704-c17e-03f0-120be5abdfbb',1,'2018-04-16 18:29:39.499000','admin','2018-04-16 18:29:39.499000',NULL,NULL,NULL,'PL1.Gross11',NULL,'Float',NULL,'Good',NULL,'2018-04-16 18:29:39.498000','S1\u79e4\u4e0a\u7684\u539f\u6599\u8d28\u91cf')
COMMIT
INSERT INTO SCT_VT_OPC_SIGNAL VALUES('52bb723a-1fd9-4a97-dbe9-8e8001ed415c',1,'2018-04-16 18:29:39.525000','admin','2018-04-16 18:29:39.525000',NULL,NULL,NULL,'PL1.Gross12',NULL,'Float',NULL,'Good',NULL,'2018-04-16 18:29:39.524000','S2\u79e4\u4e0a\u7684\u539f\u6599\u8d28\u91cf')
COMMIT
INSERT INTO SCT_VT_OPC_SIGNAL VALUES('fe9464e0-4fe2-eba2-fef7-a36432c70c8a',1,'2018-04-16 18:29:39.548000','admin','2018-04-16 18:29:39.548000',NULL,NULL,NULL,'PL1.Gross13',NULL,'Float',NULL,'Good',NULL,'2018-04-16 18:29:39.547000','S3\u79e4\u4e0a\u7684\u539f\u6599\u8d28\u91cf')
COMMIT
INSERT INTO SCT_VT_OPC_SIGNAL VALUES('897d8641-1b34-008b-d2a9-3124faadea29',1,'2018-04-16 18:29:39.591000','admin','2018-04-16 18:29:39.591000',NULL,NULL,NULL,'PL1.Gross14',NULL,'Float',NULL,'Good',NULL,'2018-04-16 18:29:39.590000','S4\u79e4\u4e0a\u7684\u539f\u6599\u8d28\u91cf')
COMMIT
INSERT INTO SCT_VT_OPC_SIGNAL VALUES('380e4745-0fa8-a2b4-9cdd-f6652f99fc92',1,'2018-04-16 18:29:39.618000','admin','2018-04-16 18:29:39.618000',NULL,NULL,NULL,'Scale11_zero',NULL,'Boolean',NULL,'Good',NULL,'2018-04-16 18:29:39.617000','S1\u79e4\u6e05\u96f6\u6807\u5fd7\uff0c\u89e6\u53d1\u6e05\u96f6\u64cd\u4f5c\u65f6\u503c\u53d8\u4e3a1\uff0c\u89e6\u53d1\u5b8c\u6bd5\u4e4b\u540e\u503c\u53d8\u4e3a0')
COMMIT
INSERT INTO SCT_VT_OPC_SIGNAL VALUES('f9712c52-5798-d7cf-d500-85aef717850a',1,'2018-04-16 18:29:39.643000','admin','2018-04-16 18:29:39.643000',NULL,NULL,NULL,'Scale12_zero',NULL,'Boolean',NULL,'Good',NULL,'2018-04-16 18:29:39.643000','S2\u79e4\u6e05\u96f6\u6807\u5fd7\uff0c\u89e6\u53d1\u6e05\u96f6\u64cd\u4f5c\u65f6\u503c\u53d8\u4e3a1\uff0c\u89e6\u53d1\u5b8c\u6bd5\u4e4b\u540e\u503c\u53d8\u4e3a0')
COMMIT
INSERT INTO SCT_VT_OPC_SIGNAL VALUES('1ce17368-3bc5-6e24-f737-9d19452cffeb',1,'2018-04-16 18:29:39.664000','admin','2018-04-16 18:29:39.664000',NULL,NULL,NULL,'Scale13_zero',NULL,'Boolean',NULL,'Good',NULL,'2018-04-16 18:29:39.662000','S3\u79e4\u6e05\u96f6\u6807\u5fd7\uff0c\u89e6\u53d1\u6e05\u96f6\u64cd\u4f5c\u65f6\u503c\u53d8\u4e3a1\uff0c\u89e6\u53d1\u5b8c\u6bd5\u4e4b\u540e\u503c\u53d8\u4e3a0')
COMMIT
INSERT INTO SCT_VT_OPC_SIGNAL VALUES('665de3ac-ea42-b2d6-39d6-8bc5bda2da8b',1,'2018-04-16 18:29:39.684000','admin','2018-04-16 18:29:39.684000',NULL,NULL,NULL,'Scale14_zero',NULL,'Boolean',NULL,'Good',NULL,'2018-04-16 18:29:39.683000','S4\u79e4\u6e05\u96f6\u6807\u5fd7\uff0c\u89e6\u53d1\u6e05\u96f6\u64cd\u4f5c\u65f6\u503c\u53d8\u4e3a1\uff0c\u89e6\u53d1\u5b8c\u6bd5\u4e4b\u540e\u503c\u53d8\u4e3a0')
COMMIT
INSERT INTO SCT_VT_OPC_SIGNAL VALUES('e832ce79-adec-a5a3-02db-e608dd6f5965',1,'2018-04-16 18:29:39.774000','admin','2018-04-16 18:29:39.774000',NULL,NULL,NULL,'521_HHJ_HZ',NULL,'Float',NULL,'Good',NULL,'2018-04-16 18:29:39.774000','\u6df7\u5408\u673a\u9891\u7387  HZ')
COMMIT
INSERT INTO SCT_VT_OPC_SIGNAL VALUES('6f58920a-181d-d991-25d5-c51ed78c1b08',1,'2018-04-16 18:29:39.801000','admin','2018-04-16 18:29:39.801000',NULL,NULL,NULL,'BZ_FL',NULL,'Boolean',NULL,'Good',NULL,'2018-04-16 18:29:39.800000','\u5f53\u8fd9\u4e00\u6279\u7684\u539f\u6599\u6700\u540e\u4e00\u6b21\u79f0\u91cf\u597d\u7684\u539f\u6599\u653e\u5165\u6df7\u5408\u673a\u65f6\u503c\u53d8\u4e3a1\uff0c\u5f53\u4e0b\u4e00\u6279\u7684\u539f\u6599\u5f00\u59cb\u79f0\u91cf\u65f6\u503c\u53d8\u4e3a0')
COMMIT
INSERT INTO SCT_VT_OPC_SIGNAL VALUES('f9601200-36ec-bc4f-4c9e-72a4defd9bb0',1,'2018-04-16 18:29:39.845000','admin','2018-04-16 18:29:39.845000',NULL,NULL,NULL,'BZ_FLKS',NULL,'Boolean',NULL,'Good',NULL,'2018-04-16 18:29:39.844000','\u5f53\u8fd9\u4e00\u6279\u7684\u539f\u6599\u6700\u540e\u4e00\u6b21\u79f0\u91cf\u597d\u7684\u539f\u6599\u653e\u5165\u6df7\u5408\u673a\u65f6\u503c\u89e6\u53d1\u54cd\u5e94\u53d8\u4e3a1\uff0c\u89e6\u53d1\u7ed3\u675f\u53d8\u4e3a0')
COMMIT
INSERT INTO SCT_VT_OPC_SIGNAL VALUES('89173c6d-8682-434e-facb-02be1f2db195',1,'2018-04-16 18:29:39.878000','admin','2018-04-16 18:29:39.878000',NULL,NULL,NULL,'IB15',NULL,'Byte',NULL,'Good',NULL,'2018-04-16 18:29:39.877000','')
COMMIT
INSERT INTO SCT_VT_OPC_SIGNAL VALUES('24d45fdf-0f2a-eef3-7431-2e36b6a3ca1e',1,'2018-04-16 18:29:39.900000','admin','2018-04-16 18:29:39.900000',NULL,NULL,NULL,'mixer_full',NULL,'Boolean',NULL,'Good',NULL,'2018-04-16 18:29:39.900000','\u5f53\u8be5\u6279\u6b21\u6240\u6709\u7684\u539f\u6599\u90fd\u88c5\u5165\u6df7\u5408\u673a\u4e4b\u540e\uff0c\u6df7\u5408\u673a\u6ee1\u6807\u5fd7\u5b57\u6bb5mixer_full\u6570\u503c\u53d8\u4e3a1\uff0c\u672a\u6ee1\u60c5\u51b5\u503c\u4e3a0')
COMMIT
INSERT INTO SCT_VT_OPC_SIGNAL VALUES('e7dbf7dd-69fb-55c7-0335-bf2e68cc249f',1,'2018-04-16 18:29:39.924000','admin','2018-04-16 18:29:39.924000',NULL,NULL,NULL,'mixer1.CurD',NULL,'Word',NULL,'Good',NULL,'2018-04-16 18:29:39.923000','\u5f53\u524d\u6df7\u5408\u673a\u5df2\u6df7\u5408\u65f6\u95f4\uff0c\u5230\u8fbe\u8bbe\u5b9a\u7684\u603b\u65f6\u95f4\u4e4b\u540e\u503c\u5f52\u96f6')
COMMIT
INSERT INTO SCT_VT_OPC_SIGNAL VALUES('d1219423-f6b6-047f-3085-7c4aeb77e46f',1,'2018-04-16 18:29:39.951000','admin','2018-04-16 18:29:39.951000',NULL,NULL,NULL,'mixer1.CurF',NULL,'Word',NULL,'Good',NULL,'2018-04-16 18:29:39.948000','\u5f53\u524d\u6df7\u5408\u673a\u5df2\u653e\u6599\u65f6\u95f4\uff0c\u5230\u8fbe\u8bbe\u5b9a\u7684\u603b\u65f6\u95f4\u4e4b\u540e\u503c\u5f52\u96f6')
COMMIT
INSERT INTO SCT_VT_OPC_SIGNAL VALUES('2f20aff4-c12a-2a2e-9f3f-8f9431762a6d',1,'2018-04-16 18:29:40.048000','admin','2018-04-16 18:29:40.048000',NULL,NULL,NULL,'mixer1.T_DSV',NULL,'Word',NULL,'Good',NULL,'2018-04-16 18:29:40.047000','\u6df7\u5408\u673a\u8bbe\u5b9a\u7684\u6df7\u5408\u6240\u9700\u603b\u65f6\u95f4')
COMMIT
INSERT INTO SCT_VT_OPC_SIGNAL VALUES('59286fa5-ec6d-0e16-2554-9b2155e5a779',1,'2018-04-16 18:29:40.073000','admin','2018-04-16 18:29:40.073000',NULL,NULL,NULL,'mixer1.T_FSV',NULL,'Word',NULL,'Good',NULL,'2018-04-16 18:29:40.072000','\u6df7\u5408\u673a\u8bbe\u5b9a\u7684\u653e\u6599\u6240\u9700\u603b\u65f6\u95f4')
COMMIT
INSERT INTO SCT_VT_OPC_SIGNAL VALUES('f8fecce1-65f0-a6c0-a433-fa441448aa9a',1,'2018-04-16 18:29:40.098000','admin','2018-04-16 18:29:40.098000',NULL,NULL,NULL,'MixS',NULL,'Boolean',NULL,'Good',NULL,'2018-04-16 18:29:40.097000','\u5f53\u8fd9\u4e00\u6279\u7684\u539f\u6599\u5168\u90e8\u653e\u5165\u6df7\u5408\u673a\uff0c\u6df7\u5408\u673a\u5f00\u59cb\u6405\u62cc\u65f6\u89e6\u53d1\u54cd\u5e94\u53d8\u4e3a1\uff0c\u89e6\u53d1\u7ed3\u675f\u53d8\u4e3a0')
COMMIT
INSERT INTO SCT_VT_OPC_SIGNAL VALUES('ddb52d47-e85b-1c83-3def-6332ae8c0d78',1,'2018-04-16 18:29:40.128000','admin','2018-04-16 18:29:40.128000',NULL,NULL,NULL,'PL1.Bz_PLRUN1',NULL,'Boolean',NULL,'Good',NULL,'2018-04-16 18:29:40.128000','\u5f53\u6240\u6709\u7684\u79e4\u6e05\u96f6\u540e\u6570\u503c\u663e\u793a\u4e3a\u96f6\u65f6\u503c\u4e3a0\uff0c\u5f53\u4efb\u610f\u79e4\u4e0a\u6709\u539f\u6599\u6570\u503c\u4e0d\u4e3a\u96f6\u65f6\u503c\u4e3a1')
COMMIT
INSERT INTO SCT_VT_OPC_SIGNAL VALUES('3c9c3e15-2096-4a29-2b16-7e978d2411f6',1,'2018-04-16 18:29:40.149000','admin','2018-04-16 18:29:40.149000',NULL,NULL,NULL,'PL1.Cmd_MLock1',NULL,'Boolean',NULL,'Good',NULL,'2018-04-16 18:29:40.148000','\u6df7\u5408\u673a\u548c\u4e0b\u9762\u5b8c\u6210\u6df7\u5408\u7684\u539f\u6599\u4ed3\u4e4b\u95f4\u6321\u677f\u7684\u72b6\u6001   1\u8868\u793a\u6321\u677f\u9501\u5b9a\u72b6\u6001  0\u8868\u793a\u6321\u677f\u6253\u5f00\u72b6\u6001')
COMMIT
INSERT INTO SCT_VT_OPC_SIGNAL VALUES('1ab78eb4-f7ab-b24d-05c8-aee605092d02',1,'2018-04-16 18:29:40.167000','admin','2018-04-16 18:29:40.167000',NULL,NULL,NULL,'scale1_AdLz.1',NULL,'Float',NULL,'Good',NULL,'2018-04-16 18:29:40.166000','')
COMMIT
INSERT INTO SCT_VT_OPC_SIGNAL VALUES('1dcb1d1c-6414-a90a-89a7-30c21d2fe360',1,'2018-04-16 18:29:40.185000','admin','2018-04-16 18:29:40.185000',NULL,NULL,NULL,'scale1_AdLz.2',NULL,'Float',NULL,'Good',NULL,'2018-04-16 18:29:40.185000','')
COMMIT
INSERT INTO SCT_VT_OPC_SIGNAL VALUES('cad0206d-570a-6edd-869f-174602e64b2e',1,'2018-04-16 18:29:40.222000','admin','2018-04-16 18:29:40.222000',NULL,NULL,NULL,'IB16',NULL,'Byte',NULL,'Good',NULL,'2018-04-16 18:29:40.221000','IB16\u4ee3\u8868\u4e86\u8f7d\u4f53\u4ed3\u548c3-8\u5927\u6599\u4ed3\u4ed3\u76d6')
COMMIT
INSERT INTO SCT_VT_OPC_SIGNAL VALUES('b1e4f6b7-efbf-de68-27fd-e1e9be045ace',1,'2018-04-16 18:29:40.239000','admin','2018-04-16 18:29:40.239000',NULL,NULL,NULL,'IB17',NULL,'Byte',NULL,'Good',NULL,'2018-04-16 18:29:40.238000','IB17\u4ee3\u8868\u4e86\u8f7d\u4f53\u4ed3\u548c9-16\u5927\u6599\u4ed3\u4ed3\u76d6')
COMMIT
INSERT INTO SCT_VT_OPC_SIGNAL VALUES('1d4496fd-07b9-6d99-f775-90aa55f45657',1,'2018-04-16 18:29:40.258000','admin','2018-04-16 18:29:40.258000',NULL,NULL,NULL,'IB18',NULL,'Byte',NULL,'Good',NULL,'2018-04-16 18:29:40.257000','IB18\u4ee3\u8868\u4e8617\u548c18\u5927\u6599\u4ed3\u4ed3\u76d6')
COMMIT
INSERT INTO SCT_VT_OPC_SIGNAL VALUES('6a54f156-ba71-1078-3cd0-fadcc198b011',1,'2018-04-16 18:29:40.275000','admin','2018-04-16 18:29:40.275000',NULL,NULL,NULL,'Binlm.1',NULL,'String',NULL,'Good',NULL,'2018-04-16 18:29:40.275000','\u6599\u4ed3\u4e2d\u88c5\u5165\u7684\u7269\u6599\u540d\u79f0\uff0c\u53ef\u53d8\u52a8')
COMMIT
INSERT INTO SCT_VT_OPC_SIGNAL VALUES('d8a21b59-603c-7666-67f1-e762f2c89a1b',1,'2018-04-16 18:29:40.301000','admin','2018-04-16 18:29:40.301000',NULL,NULL,NULL,'Binlm.10',NULL,'String',NULL,'Good',NULL,'2018-04-16 18:29:40.300000','\u6599\u4ed3\u4e2d\u88c5\u5165\u7684\u7269\u6599\u540d\u79f0\uff0c\u53ef\u53d8\u52a8')
COMMIT
INSERT INTO SCT_VT_OPC_SIGNAL VALUES('1c3b392f-13b1-afe5-6947-b23e487062e8',1,'2018-04-16 18:29:40.317000','admin','2018-04-16 18:29:40.317000',NULL,NULL,NULL,'Binlm.11',NULL,'String',NULL,'Good',NULL,'2018-04-16 18:29:40.317000','\u6599\u4ed3\u4e2d\u88c5\u5165\u7684\u7269\u6599\u540d\u79f0\uff0c\u53ef\u53d8\u52a8')
COMMIT
INSERT INTO SCT_VT_OPC_SIGNAL VALUES('f0fb6d60-a35b-8966-6ee7-e66120b9a0a3',1,'2018-04-16 18:29:40.341000','admin','2018-04-16 18:29:40.341000',NULL,NULL,NULL,'Binlm.12',NULL,'String',NULL,'Good',NULL,'2018-04-16 18:29:40.340000','\u6599\u4ed3\u4e2d\u88c5\u5165\u7684\u7269\u6599\u540d\u79f0\uff0c\u53ef\u53d8\u52a8')
COMMIT
INSERT INTO SCT_VT_OPC_SIGNAL VALUES('855513e6-3331-98ad-c2f8-b695f520b015',1,'2018-04-16 18:29:40.368000','admin','2018-04-16 18:29:40.368000',NULL,NULL,NULL,'Binlm.13',NULL,'String',NULL,'Good',NULL,'2018-04-16 18:29:40.366000','\u6599\u4ed3\u4e2d\u88c5\u5165\u7684\u7269\u6599\u540d\u79f0\uff0c\u53ef\u53d8\u52a8')
COMMIT
INSERT INTO SCT_VT_OPC_SIGNAL VALUES('bedea75a-da8f-e178-89c3-fd90bf3c0fc8',1,'2018-04-16 18:29:40.395000','admin','2018-04-16 18:29:40.395000',NULL,NULL,NULL,'Binlm.14',NULL,'String',NULL,'Good',NULL,'2018-04-16 18:29:40.393000','\u6599\u4ed3\u4e2d\u88c5\u5165\u7684\u7269\u6599\u540d\u79f0\uff0c\u53ef\u53d8\u52a8')
COMMIT
INSERT INTO SCT_VT_OPC_SIGNAL VALUES('4343d8b9-dd84-a1cf-23d6-15fc24388e84',1,'2018-04-16 18:29:40.427000','admin','2018-04-16 18:29:40.427000',NULL,NULL,NULL,'Binlm.15',NULL,'String',NULL,'Good',NULL,'2018-04-16 18:29:40.426000','\u6599\u4ed3\u4e2d\u88c5\u5165\u7684\u7269\u6599\u540d\u79f0\uff0c\u53ef\u53d8\u52a8')
COMMIT
INSERT INTO SCT_VT_OPC_SIGNAL VALUES('c02a008a-426c-e727-0792-ae894e30dd11',1,'2018-04-16 18:29:40.467000','admin','2018-04-16 18:29:40.467000',NULL,NULL,NULL,'Binlm.16',NULL,'String',NULL,'Good',NULL,'2018-04-16 18:29:40.467000','\u6599\u4ed3\u4e2d\u88c5\u5165\u7684\u7269\u6599\u540d\u79f0\uff0c\u53ef\u53d8\u52a8')
COMMIT
INSERT INTO SCT_VT_OPC_SIGNAL VALUES('e1636923-0e74-9004-bb2a-3d2bd8765cf9',1,'2018-04-16 18:29:40.489000','admin','2018-04-16 18:29:40.489000',NULL,NULL,NULL,'Binlm.17',NULL,'String',NULL,'Good',NULL,'2018-04-16 18:29:40.487000','\u6599\u4ed3\u4e2d\u88c5\u5165\u7684\u7269\u6599\u540d\u79f0\uff0c\u53ef\u53d8\u52a8')
COMMIT
INSERT INTO SCT_VT_OPC_SIGNAL VALUES('97335da5-7e46-29e9-88b8-eacea6c59efd',1,'2018-04-16 18:29:40.517000','admin','2018-04-16 18:29:40.517000',NULL,NULL,NULL,'Binlm.18',NULL,'String',NULL,'Good',NULL,'2018-04-16 18:29:40.516000','\u6599\u4ed3\u4e2d\u88c5\u5165\u7684\u7269\u6599\u540d\u79f0\uff0c\u53ef\u53d8\u52a8')
COMMIT
INSERT INTO SCT_VT_OPC_SIGNAL VALUES('218b7bed-da78-4094-a95d-2f957385abbb',1,'2018-04-16 18:29:40.547000','admin','2018-04-16 18:29:40.547000',NULL,NULL,NULL,'Binlm.2',NULL,'String',NULL,'Good',NULL,'2018-04-16 18:29:40.546000','\u6599\u4ed3\u4e2d\u88c5\u5165\u7684\u7269\u6599\u540d\u79f0\uff0c\u53ef\u53d8\u52a8')
COMMIT
INSERT INTO SCT_VT_OPC_SIGNAL VALUES('f9a51fdf-21d4-141c-ee18-6b129f67bed9',1,'2018-04-16 18:29:40.566000','admin','2018-04-16 18:29:40.566000',NULL,NULL,NULL,'Binlm.3',NULL,'String',NULL,'Good',NULL,'2018-04-16 18:29:40.566000','\u6599\u4ed3\u4e2d\u88c5\u5165\u7684\u7269\u6599\u540d\u79f0\uff0c\u53ef\u53d8\u52a8')
COMMIT
INSERT INTO SCT_VT_OPC_SIGNAL VALUES('bfbe415d-f55a-8d7c-18f5-41df343df654',1,'2018-04-16 18:29:40.598000','admin','2018-04-16 18:29:40.598000',NULL,NULL,NULL,'Binlm.4',NULL,'String',NULL,'Good',NULL,'2018-04-16 18:29:40.598000','\u6599\u4ed3\u4e2d\u88c5\u5165\u7684\u7269\u6599\u540d\u79f0\uff0c\u53ef\u53d8\u52a8')
COMMIT
INSERT INTO SCT_VT_OPC_SIGNAL VALUES('c6b4f7b6-eefb-1c63-1deb-c5df17f906c7',1,'2018-04-16 18:29:40.620000','admin','2018-04-16 18:29:40.620000',NULL,NULL,NULL,'Binlm.5',NULL,'String',NULL,'Good',NULL,'2018-04-16 18:29:40.618000','\u6599\u4ed3\u4e2d\u88c5\u5165\u7684\u7269\u6599\u540d\u79f0\uff0c\u53ef\u53d8\u52a8')
COMMIT
INSERT INTO SCT_VT_OPC_SIGNAL VALUES('7854976c-2d15-95ab-a8db-164fe48e9839',1,'2018-04-16 18:29:40.648000','admin','2018-04-16 18:29:40.648000',NULL,NULL,NULL,'Binlm.6',NULL,'String',NULL,'Good',NULL,'2018-04-16 18:29:40.646000','\u6599\u4ed3\u4e2d\u88c5\u5165\u7684\u7269\u6599\u540d\u79f0\uff0c\u53ef\u53d8\u52a8')
COMMIT
INSERT INTO SCT_VT_OPC_SIGNAL VALUES('8b0a263b-6830-aa66-083e-bd5acd0bbb8f',1,'2018-04-16 18:29:40.667000','admin','2018-04-16 18:29:40.667000',NULL,NULL,NULL,'Binlm.7',NULL,'String',NULL,'Good',NULL,'2018-04-16 18:29:40.667000','\u6599\u4ed3\u4e2d\u88c5\u5165\u7684\u7269\u6599\u540d\u79f0\uff0c\u53ef\u53d8\u52a8')
COMMIT
INSERT INTO SCT_VT_OPC_SIGNAL VALUES('34133329-fa2b-59cf-2117-35395e62ef32',1,'2018-04-16 18:29:40.703000','admin','2018-04-16 18:29:40.703000',NULL,NULL,NULL,'Binlm.8',NULL,'String',NULL,'Good',NULL,'2018-04-16 18:29:40.703000','\u6599\u4ed3\u4e2d\u88c5\u5165\u7684\u7269\u6599\u540d\u79f0\uff0c\u53ef\u53d8\u52a8')
COMMIT
INSERT INTO SCT_VT_OPC_SIGNAL VALUES('1e2e1b88-1df9-54de-2a5e-06ff216b0a08',1,'2018-04-16 18:29:40.751000','admin','2018-04-16 18:29:40.751000',NULL,NULL,NULL,'Binlm.9',NULL,'String',NULL,'Good',NULL,'2018-04-16 18:29:40.750000','\u6599\u4ed3\u4e2d\u88c5\u5165\u7684\u7269\u6599\u540d\u79f0\uff0c\u53ef\u53d8\u52a8')
COMMIT
INSERT INTO SCT_VT_OPC_SIGNAL VALUES('092b762a-4ba6-a7b2-5254-27de56d3ca17',1,'2018-04-16 18:29:40.777000','admin','2018-04-16 18:29:40.777000',NULL,NULL,NULL,'LM_C',NULL,'Boolean',NULL,'Good',NULL,'2018-04-16 18:29:40.776000','\u6599\u4ed3\u4e2d\u539f\u6599\u7684\u8d28\u91cf')
COMMIT
INSERT INTO SCT_VT_OPC_SIGNAL VALUES('7cda0565-1659-9360-beaf-7eaaa10765ac',1,'2018-04-16 18:29:40.794000','admin','2018-04-16 18:29:40.794000',NULL,NULL,NULL,'BinWeight.1',NULL,'Float',NULL,'Good',NULL,'2018-04-16 18:29:40.793000','\u6599\u4ed3\u4e2d\u539f\u6599\u7684\u8d28\u91cf')
COMMIT
INSERT INTO SCT_VT_OPC_SIGNAL VALUES('19268c7d-43c2-7835-59f5-ce3a4eb1db6f',1,'2018-04-16 18:29:40.811000','admin','2018-04-16 18:29:40.811000',NULL,NULL,NULL,'BinWeight.10',NULL,'Float',NULL,'Good',NULL,'2018-04-16 18:29:40.810000','\u6599\u4ed3\u4e2d\u539f\u6599\u7684\u8d28\u91cf')
COMMIT
INSERT INTO SCT_VT_OPC_SIGNAL VALUES('02297feb-c301-1e87-f38b-f69b5d7d8910',1,'2018-04-16 18:29:40.866000','admin','2018-04-16 18:29:40.866000',NULL,NULL,NULL,'BinWeight.11',NULL,'Float',NULL,'Good',NULL,'2018-04-16 18:29:40.866000','\u6599\u4ed3\u4e2d\u539f\u6599\u7684\u8d28\u91cf')
COMMIT
INSERT INTO SCT_VT_OPC_SIGNAL VALUES('ebc17081-4d16-2191-0ec4-776f0164909a',1,'2018-04-16 18:29:40.921000','admin','2018-04-16 18:29:40.921000',NULL,NULL,NULL,'BinWeight.12',NULL,'Float',NULL,'Good',NULL,'2018-04-16 18:29:40.918000','\u6599\u4ed3\u4e2d\u539f\u6599\u7684\u8d28\u91cf')
COMMIT
INSERT INTO SCT_VT_OPC_SIGNAL VALUES('d8c83b0f-bb17-cc6e-1786-d271fa77d449',1,'2018-04-16 18:29:40.967000','admin','2018-04-16 18:29:40.967000',NULL,NULL,NULL,'BinWeight.13',NULL,'Float',NULL,'Good',NULL,'2018-04-16 18:29:40.966000','\u6599\u4ed3\u4e2d\u539f\u6599\u7684\u8d28\u91cf')
COMMIT
INSERT INTO SCT_VT_OPC_SIGNAL VALUES('bc3b0bf1-8b4f-1637-a48f-9f5020665964',1,'2018-04-16 18:29:40.984000','admin','2018-04-16 18:29:40.984000',NULL,NULL,NULL,'BinWeight.14',NULL,'Float',NULL,'Good',NULL,'2018-04-16 18:29:40.984000','\u6599\u4ed3\u4e2d\u539f\u6599\u7684\u8d28\u91cf')
COMMIT
INSERT INTO SCT_VT_OPC_SIGNAL VALUES('86fd61f5-9b11-70d2-7d10-eb9089cd2754',1,'2018-04-16 18:29:41.002000','admin','2018-04-16 18:29:41.002000',NULL,NULL,NULL,'BinWeight.15',NULL,'Float',NULL,'Good',NULL,'2018-04-16 18:29:41.001000','\u6599\u4ed3\u4e2d\u539f\u6599\u7684\u8d28\u91cf')
COMMIT
INSERT INTO SCT_VT_OPC_SIGNAL VALUES('2084692a-b1c4-0766-85fd-a1f6de49bfcc',1,'2018-04-16 18:29:41.018000','admin','2018-04-16 18:29:41.018000',NULL,NULL,NULL,'BinWeight.16',NULL,'Float',NULL,'Good',NULL,'2018-04-16 18:29:41.017000','\u6599\u4ed3\u4e2d\u539f\u6599\u7684\u8d28\u91cf')
COMMIT
INSERT INTO SCT_VT_OPC_SIGNAL VALUES('ff64a2f4-ccff-24e5-59fa-6dfc672dae90',1,'2018-04-16 18:29:41.034000','admin','2018-04-16 18:29:41.034000',NULL,NULL,NULL,'BinWeight.17',NULL,'Float',NULL,'Good',NULL,'2018-04-16 18:29:41.033000','\u6599\u4ed3\u4e2d\u539f\u6599\u7684\u8d28\u91cf')
COMMIT
INSERT INTO SCT_VT_OPC_SIGNAL VALUES('417bf8c1-1199-e306-1872-23cb5f3a0d22',1,'2018-04-16 18:29:41.050000','admin','2018-04-16 18:29:41.050000',NULL,NULL,NULL,'BinWeight.18',NULL,'Float',NULL,'Good',NULL,'2018-04-16 18:29:41.049000','\u6599\u4ed3\u4e2d\u539f\u6599\u7684\u8d28\u91cf')
COMMIT
INSERT INTO SCT_VT_OPC_SIGNAL VALUES('cd36f771-1894-9eca-2e21-b9dc8d2b0530',1,'2018-04-16 18:29:41.140000','admin','2018-04-16 18:29:41.140000',NULL,NULL,NULL,'BinWeight.2',NULL,'Float',NULL,'Good',NULL,'2018-04-16 18:29:41.138000','\u6599\u4ed3\u4e2d\u539f\u6599\u7684\u8d28\u91cf')
COMMIT
INSERT INTO SCT_VT_OPC_SIGNAL VALUES('40c248ab-9f15-dc1e-a59b-adba525c0b38',1,'2018-04-16 18:29:41.161000','admin','2018-04-16 18:29:41.161000',NULL,NULL,NULL,'BinWeight.3',NULL,'Float',NULL,'Good',NULL,'2018-04-16 18:29:41.160000','\u6599\u4ed3\u4e2d\u539f\u6599\u7684\u8d28\u91cf')
COMMIT
INSERT INTO SCT_VT_OPC_SIGNAL VALUES('cffd2968-eb27-84aa-c7f9-8ce326a133af',1,'2018-04-16 18:29:41.179000','admin','2018-04-16 18:29:41.179000',NULL,NULL,NULL,'BinWeight.4',NULL,'Float',NULL,'Good',NULL,'2018-04-16 18:29:41.179000','\u6599\u4ed3\u4e2d\u539f\u6599\u7684\u8d28\u91cf')
COMMIT
INSERT INTO SCT_VT_OPC_SIGNAL VALUES('e1bae0a1-ef29-6b73-d91f-0085557507ee',1,'2018-04-16 18:29:41.200000','admin','2018-04-16 18:29:41.200000',NULL,NULL,NULL,'BinWeight.5',NULL,'Float',NULL,'Good',NULL,'2018-04-16 18:29:41.200000','\u6599\u4ed3\u4e2d\u539f\u6599\u7684\u8d28\u91cf')
COMMIT
INSERT INTO SCT_VT_OPC_SIGNAL VALUES('0e704a1b-6fb0-48fc-48d3-ffca649e3ee6',1,'2018-04-16 18:29:41.219000','admin','2018-04-16 18:29:41.219000',NULL,NULL,NULL,'BinWeight.6',NULL,'Float',NULL,'Good',NULL,'2018-04-16 18:29:41.218000','\u6599\u4ed3\u4e2d\u539f\u6599\u7684\u8d28\u91cf')
COMMIT
INSERT INTO SCT_VT_OPC_SIGNAL VALUES('d0897e75-cb68-c580-cdfd-6f619f5fa735',1,'2018-04-16 18:29:41.239000','admin','2018-04-16 18:29:41.239000',NULL,NULL,NULL,'BinWeight.7',NULL,'Float',NULL,'Good',NULL,'2018-04-16 18:29:41.237000','\u6599\u4ed3\u4e2d\u539f\u6599\u7684\u8d28\u91cf')
COMMIT
INSERT INTO SCT_VT_OPC_SIGNAL VALUES('410af75b-c505-f92b-8454-9b0f845063dd',1,'2018-04-16 18:29:41.300000','admin','2018-04-16 18:29:41.300000',NULL,NULL,NULL,'BinWeight.8',NULL,'Float',NULL,'Good',NULL,'2018-04-16 18:29:41.300000','\u6599\u4ed3\u4e2d\u539f\u6599\u7684\u8d28\u91cf')
COMMIT
INSERT INTO SCT_VT_OPC_SIGNAL VALUES('72b6b01b-8d75-46a8-6248-7c4931918c3f',1,'2018-04-16 18:29:41.320000','admin','2018-04-16 18:29:41.320000',NULL,NULL,NULL,'BinWeight.9',NULL,'Float',NULL,'Good',NULL,'2018-04-16 18:29:41.319000','')
COMMIT
INSERT INTO SCT_VT_OPC_SIGNAL VALUES('69d2c86d-4280-823d-3ab6-6e8290435f2c',1,'2018-04-16 18:29:41.341000','admin','2018-04-16 18:29:41.341000',NULL,NULL,NULL,'hlw1',NULL,'Boolean',NULL,'Good',NULL,'2018-04-16 18:29:41.341000','')
COMMIT
INSERT INTO SCT_VT_OPC_SIGNAL VALUES('fb0dcfe9-35e3-6379-5ec6-18df940096a6',1,'2018-04-16 18:29:41.357000','admin','2018-04-16 18:29:41.357000',NULL,NULL,NULL,'hlw2',NULL,'Boolean',NULL,'Good',NULL,'2018-04-16 18:29:41.357000','')
COMMIT
INSERT INTO SCT_VT_OPC_SIGNAL VALUES('bd9da21d-c621-533a-c0e9-13833fbeabeb',1,'2018-04-16 18:29:41.375000','admin','2018-04-16 18:29:41.375000',NULL,NULL,NULL,'TL_Notice',NULL,'Boolean',NULL,'Good',NULL,'2018-04-16 18:29:41.375000','\u6295\u6599\u62a5\u8b66\u706f\u72b6\u6001 1\u8868\u793a\u62a5\u8b66\u706f\u4eae  0\u8868\u793a\u62a5\u8b66\u706f\u706d')
COMMIT
INSERT INTO SCT_VT_OPC_SIGNAL VALUES('a7b3ac4d-c438-d35c-236c-b19d4b1b69e1',1,'2018-04-16 18:29:41.392000','admin','2018-04-16 18:29:41.392000',NULL,NULL,NULL,'tl_wc',NULL,'Boolean',NULL,'Good',NULL,'2018-04-16 18:29:41.391000','\u70b9\u51fb\u7ed3\u675f\u6295\u6599\u7684\u65f6\u5019\u54cd\u5e94\uff0c\u503c\u53d8\u4e3a1\uff0c\u54cd\u5e94\u7ed3\u675f\u53d8\u4e3a0')
COMMIT
INSERT INTO SCT_VT_OPC_SIGNAL VALUES('3ed0d90b-9a69-13fc-fa83-8d712c2e8c46',1,'2018-04-16 18:29:41.409000','admin','2018-04-16 18:29:41.409000',NULL,NULL,NULL,'tl_yd',NULL,'Boolean',NULL,'Good',NULL,'2018-04-16 18:29:41.408000','\u70b9\u51fb\u5f00\u59cb\u6295\u6599\u7684\u65f6\u5019\u54cd\u5e94\uff0c\u503c\u53d8\u4e3a1\uff0c\u54cd\u5e94\u7ed3\u675f\u53d8\u4e3a0')
COMMIT
INSERT INTO SCT_VT_OPC_SIGNAL VALUES('02b56616-6dd7-b809-ea3c-7ecd5ecdc2a2',1,'2018-04-16 18:29:41.429000','admin','2018-04-16 18:29:41.429000',NULL,NULL,NULL,'xl_lock',NULL,'Boolean',NULL,'Good',NULL,'2018-04-16 18:29:41.428000','\u5c0f\u6599\u4ed3\u95e8\u9501\uff0c\u70b9\u51fb\u5f00\u59cb\u6295\u6599\u4e4b\u540e\u4ed3\u95e8\u9501\u6253\u5f00\uff0c\u503c\u53d8\u4e3a0\uff0c\u70b9\u51fb\u7ed3\u675f\u6295\u6599\u540e\uff0c\u95e8\u4e0a\u9501\uff0c\u503c\u53d8\u4e3a1')
COMMIT
INSERT INTO SCT_VT_OPC_SIGNAL VALUES('fb3d21f4-3fb8-b8e8-e229-7b43ad19234b',1,'2018-04-16 18:29:41.452000','admin','2018-04-16 18:29:41.452000',NULL,NULL,NULL,'MB359',NULL,'byte',NULL,'Good',NULL,'2018-04-16 18:29:41.451000','')
COMMIT
INSERT INTO SCT_VT_OPC_SIGNAL VALUES('e53100c8-24d7-0a96-89ec-222339d7fc50',1,'2018-04-16 18:29:41.474000','admin','2018-04-16 18:29:41.474000',NULL,NULL,NULL,'IB7',NULL,'Byte',NULL,'Good',NULL,'2018-04-16 18:29:41.473000','')
COMMIT
INSERT INTO SCT_VT_OPC_SIGNAL VALUES('7a990980-fe28-0fdc-28b4-bd39d9979ec5',1,'2018-04-16 18:29:41.518000','admin','2018-04-16 18:29:41.518000',NULL,NULL,NULL,'pl_runbz',NULL,'Boolean',NULL,'Good',NULL,'2018-04-16 18:29:41.518000','')
COMMIT
INSERT INTO SCT_VT_OPC_SIGNAL VALUES('cb84e19d-cb37-92fc-e0c1-77371010923e',1,'2018-04-16 18:29:41.541000','admin','2018-04-16 18:29:41.541000',NULL,NULL,NULL,'opc_qdpl',NULL,'Boolean',NULL,'Good',NULL,'2018-04-16 18:29:41.540000','')
COMMIT
INSERT INTO SCT_VT_OPC_SIGNAL VALUES('bbe76a0e-f9e6-6674-549a-0369b33e4a79',1,'2018-04-16 18:29:41.556000','admin','2018-04-16 18:29:41.556000',NULL,NULL,NULL,'QB5',NULL,'byte',NULL,'Good',NULL,'2018-04-16 18:29:41.556000','')
COMMIT
INSERT INTO SCT_VT_OPC_SIGNAL VALUES('4230100b-d2d2-6579-d20a-e48b00c2e7a2',1,'2018-04-16 18:29:41.575000','admin','2018-04-16 18:29:41.575000',NULL,NULL,NULL,'IB0',NULL,'Byte',NULL,'Good',NULL,'2018-04-16 18:29:41.575000','')
COMMIT
INSERT INTO SCT_VT_OPC_SIGNAL VALUES('4e21a8aa-8d09-3cbf-e998-a5733ddd4ce0',1,'2018-04-16 18:29:41.597000','admin','2018-04-16 18:29:41.597000',NULL,NULL,NULL,'IB1',NULL,'Byte',NULL,'Good',NULL,'2018-04-16 18:29:41.596000','')
COMMIT
INSERT INTO SCT_VT_OPC_SIGNAL VALUES('2b835c57-48fd-0ed9-56c5-a893bb5c927f',1,'2018-04-16 18:29:41.617000','admin','2018-04-16 18:29:41.617000',NULL,NULL,NULL,'IN_ZTJL_start',NULL,'Boolean',NULL,'Good',NULL,'2018-04-16 18:29:41.616000','\u6253\u5f00\u8f7d\u4f53\u6295\u6599\u673a\u5668\u9ed8\u8ba4\u4e3a0\uff0c\u4e0a\u6599\u673a\u5f00\u542f\u53d8\u4e3a1')
COMMIT
INSERT INTO SCT_VT_OPC_SIGNAL VALUES('f6a8b5bd-7115-40a6-33d6-acca9c5c1f75',1,'2018-04-16 18:29:41.635000','admin','2018-04-16 18:29:41.635000',NULL,NULL,NULL,'IN_ZTJL_stop',NULL,'Boolean',NULL,'Good',NULL,'2018-04-16 18:29:41.634000','\u5173\u95ed\u8f7d\u4f53\u4e0a\u6599\uff0c\u9ed8\u8ba4\u4e3a0\uff0c\u53d8\u4e3a1\u505c\u6b62')
COMMIT
INSERT INTO SCT_VT_OPC_SIGNAL VALUES('03c37009-58d6-e04f-2e66-e9ba6ba81e71',1,'2018-04-16 18:29:41.650000','admin','2018-04-16 18:29:41.650000',NULL,NULL,NULL,'IN_ZTJL1_H_A',NULL,'Boolean',NULL,'Good',NULL,'2018-04-16 18:29:41.649000','')
COMMIT
INSERT INTO SCT_VT_OPC_SIGNAL VALUES('88e4ffba-6e71-09a4-d560-b019da1dbd58',1,'2018-04-16 18:29:41.662000','admin','2018-04-16 18:29:41.662000',NULL,NULL,NULL,'QB0',NULL,'Byte',NULL,'Good',NULL,'2018-04-16 18:29:41.661000','')
COMMIT
INSERT INTO SCT_VT_OPC_SIGNAL VALUES('6a100fdd-ab72-52da-520d-402d2593cfe7',1,'2018-04-16 18:29:41.675000','admin','2018-04-16 18:29:41.675000',NULL,NULL,NULL,'ST_BZ',NULL,'Boolean',NULL,'Good',NULL,'2018-04-16 18:29:41.674000','0\u8868\u793a\u4e09\u901a\u6307\u54111\u53f7\u539f\u6599\u4ed3\uff0c1\u8868\u793a\u4e09\u901a\u6307\u54112\u53f7\u539f\u6599\u4ed3')
COMMIT
INSERT INTO SCT_VT_OPC_SIGNAL VALUES('48e158b0-4f63-f2b5-84c7-25bc56803377',1,'2018-04-16 18:29:41.689000','admin','2018-04-16 18:29:41.689000',NULL,NULL,NULL,'zt_tz',NULL,'Boolean',NULL,'Good',NULL,'2018-04-16 18:29:41.688000','')
COMMIT
INSERT INTO SCT_VT_OPC_SIGNAL VALUES('54382d5d-7190-c4fb-9ed4-46a6391ed2fe',1,'2018-04-16 18:29:41.718000','admin','2018-04-16 18:29:41.718000',NULL,NULL,NULL,'zt_wc',NULL,'Boolean',NULL,'Good',NULL,'2018-04-16 18:29:41.718000','\u6295\u6599\u5b8c\u6bd5\u65f6\uff0c\u6052\u826f\u53d1\u9001\u6211\u6d88\u606f\u9ed8\u8ba4\u4e3a0\uff0c\u53d1\u90010\u53d6\u6d88')
COMMIT
INSERT INTO SCT_VT_OPC_SIGNAL VALUES('a1d6e274-fd02-39d9-0bdf-f27b46cc6151',1,'2018-04-16 18:29:41.740000','admin','2018-04-16 18:29:41.740000',NULL,NULL,NULL,'zt_yd',NULL,'Boolean',NULL,'Good',NULL,'2018-04-16 18:29:41.739000','\u5237\u8f7d\u4f53\u5361\u65f6\uff0c\u6052\u826f\u53d1\u9001\u6211\u6d88\u606f\u9ed8\u8ba4\u4e3a0\uff0c\u53d1\u90011\u53d6\u6d88')
COMMIT
INSERT INTO SCT_VT_OPC_SIGNAL VALUES('93e05cfe-cb4e-0311-baa9-89f85e855615',1,'2018-04-16 18:29:41.755000','admin','2018-04-16 18:29:41.755000',NULL,NULL,NULL,'zt_yd_1',NULL,'Boolean',NULL,'Good',NULL,'2018-04-16 18:29:41.754000','')
COMMIT
DELETE FROM SYS_SERVER WHERE ID='6543b0f1-ae52-8fac-788b-5b0b0909e5b2'
INSERT INTO SYS_SERVER VALUES('6543b0f1-ae52-8fac-788b-5b0b0909e5b2','2018-04-16 17:15:29.237000',NULL,'2018-04-16 18:30:34.460000',NULL,'localhost:8088/app-core',TRUE,NULL)
COMMIT
/*C100*/SET SCHEMA PUBLIC
DELETE FROM SYS_SERVER WHERE ID='6543b0f1-ae52-8fac-788b-5b0b0909e5b2'
INSERT INTO SYS_SERVER VALUES('6543b0f1-ae52-8fac-788b-5b0b0909e5b2','2018-04-16 17:15:29.237000',NULL,'2018-04-16 18:31:34.466000',NULL,'localhost:8088/app-core',TRUE,NULL)
COMMIT
/*C105*/SET SCHEMA PUBLIC
DISCONNECT
/*C106*/SET SCHEMA PUBLIC
DISCONNECT
/*C107*/SET SCHEMA PUBLIC
DISCONNECT
/*C101*/DELETE FROM SYS_SERVER WHERE ID='6543b0f1-ae52-8fac-788b-5b0b0909e5b2'
INSERT INTO SYS_SERVER VALUES('6543b0f1-ae52-8fac-788b-5b0b0909e5b2','2018-04-16 17:15:29.237000',NULL,'2018-04-16 18:32:34.481000',NULL,'localhost:8088/app-core',TRUE,NULL)
COMMIT
/*C108*/SET SCHEMA PUBLIC
DISCONNECT
/*C101*/DELETE FROM SYS_SERVER WHERE ID='6543b0f1-ae52-8fac-788b-5b0b0909e5b2'
INSERT INTO SYS_SERVER VALUES('6543b0f1-ae52-8fac-788b-5b0b0909e5b2','2018-04-16 17:15:29.237000',NULL,'2018-04-16 18:33:34.487000',NULL,'localhost:8088/app-core',TRUE,NULL)
COMMIT
/*C100*/DELETE FROM SYS_SERVER WHERE ID='6543b0f1-ae52-8fac-788b-5b0b0909e5b2'
INSERT INTO SYS_SERVER VALUES('6543b0f1-ae52-8fac-788b-5b0b0909e5b2','2018-04-16 17:15:29.237000',NULL,'2018-04-16 18:34:34.491000',NULL,'localhost:8088/app-core',TRUE,NULL)
COMMIT
/*C101*/DELETE FROM SYS_SERVER WHERE ID='6543b0f1-ae52-8fac-788b-5b0b0909e5b2'
INSERT INTO SYS_SERVER VALUES('6543b0f1-ae52-8fac-788b-5b0b0909e5b2','2018-04-16 17:15:29.237000',NULL,'2018-04-16 18:35:34.496000',NULL,'localhost:8088/app-core',TRUE,NULL)
COMMIT
/*C100*/DELETE FROM SYS_SERVER WHERE ID='6543b0f1-ae52-8fac-788b-5b0b0909e5b2'
INSERT INTO SYS_SERVER VALUES('6543b0f1-ae52-8fac-788b-5b0b0909e5b2','2018-04-16 17:15:29.237000',NULL,'2018-04-16 18:36:34.500000',NULL,'localhost:8088/app-core',TRUE,NULL)
COMMIT
/*C101*/DELETE FROM SYS_SERVER WHERE ID='6543b0f1-ae52-8fac-788b-5b0b0909e5b2'
INSERT INTO SYS_SERVER VALUES('6543b0f1-ae52-8fac-788b-5b0b0909e5b2','2018-04-16 17:15:29.237000',NULL,'2018-04-16 18:37:34.506000',NULL,'localhost:8088/app-core',TRUE,NULL)
COMMIT
/*C100*/DELETE FROM SYS_SERVER WHERE ID='6543b0f1-ae52-8fac-788b-5b0b0909e5b2'
INSERT INTO SYS_SERVER VALUES('6543b0f1-ae52-8fac-788b-5b0b0909e5b2','2018-04-16 17:15:29.237000',NULL,'2018-04-16 18:38:34.509000',NULL,'localhost:8088/app-core',TRUE,NULL)
COMMIT
/*C101*/DELETE FROM SYS_SERVER WHERE ID='6543b0f1-ae52-8fac-788b-5b0b0909e5b2'
INSERT INTO SYS_SERVER VALUES('6543b0f1-ae52-8fac-788b-5b0b0909e5b2','2018-04-16 17:15:29.237000',NULL,'2018-04-16 18:39:34.516000',NULL,'localhost:8088/app-core',TRUE,NULL)
COMMIT
/*C100*/DELETE FROM SYS_SERVER WHERE ID='6543b0f1-ae52-8fac-788b-5b0b0909e5b2'
INSERT INTO SYS_SERVER VALUES('6543b0f1-ae52-8fac-788b-5b0b0909e5b2','2018-04-16 17:15:29.237000',NULL,'2018-04-16 18:40:34.521000',NULL,'localhost:8088/app-core',TRUE,NULL)
COMMIT
/*C109*/SET SCHEMA PUBLIC
DISCONNECT
/*C110*/SET SCHEMA PUBLIC
DISCONNECT
/*C111*/SET SCHEMA PUBLIC
DISCONNECT
/*C112*/SET SCHEMA PUBLIC
DISCONNECT
/*C113*/SET SCHEMA PUBLIC
DISCONNECT
/*C115*/SET SCHEMA PUBLIC
DISCONNECT
/*C114*/SET SCHEMA PUBLIC
DISCONNECT
/*C116*/SET SCHEMA PUBLIC
DISCONNECT
/*C117*/SET SCHEMA PUBLIC
DISCONNECT
/*C119*/SET SCHEMA PUBLIC
DISCONNECT
/*C118*/SET SCHEMA PUBLIC
DISCONNECT
/*C100*/DELETE FROM SYS_SERVER WHERE ID='6543b0f1-ae52-8fac-788b-5b0b0909e5b2'
INSERT INTO SYS_SERVER VALUES('6543b0f1-ae52-8fac-788b-5b0b0909e5b2','2018-04-16 17:15:29.237000',NULL,'2018-04-16 18:41:22.811000',NULL,'localhost:8088/app-core',FALSE,NULL)
COMMIT
/*C120*/SET SCHEMA PUBLIC
create table SCT_VT_OPC_SIGNAL_UPDATE_LOG (\u000a    ID varchar(36) not null,\u000a    VERSION integer not null,\u000a    CREATE_TS timestamp,\u000a    CREATED_BY varchar(50),\u000a    UPDATE_TS timestamp,\u000a    UPDATED_BY varchar(50),\u000a    DELETE_TS timestamp,\u000a    DELETED_BY varchar(50),\u000a    --\u000a    LOG_NUMBER varchar(255),\u000a    ITEM_ID varchar(255),\u000a    VALUE_ varchar(255),\u000a    RECORD_TIME timestamp,\u000a    VT_OPC_SIGNAL_ID varchar(36),\u000a    --\u000a    primary key (ID)\u000a)
INSERT INTO SYS_DB_CHANGELOG VALUES('50-cuba/update/hsql/18/180416-1-createVtOpcSignalUpdateLog.sql','2018-04-16 18:41:24.467000',0)
COMMIT
alter table SCT_VT_OPC_SIGNAL_UPDATE_LOG add constraint FK_SCT_VT_OPC_SIGNAL_UPDATE_LOG_VT_OPC_SIGNAL foreign key (VT_OPC_SIGNAL_ID) references SCT_VT_OPC_SIGNAL(ID)
create index IDX_SCT_VT_OPC_SIGNAL_UPDATE_LOG_VT_OPC_SIGNAL on SCT_VT_OPC_SIGNAL_UPDATE_LOG (VT_OPC_SIGNAL_ID)
INSERT INTO SYS_DB_CHANGELOG VALUES('50-cuba/update/hsql/18/180416-2-createVtOpcSignalUpdateLog.sql','2018-04-16 18:41:24.478000',0)
COMMIT
DISCONNECT
/*C101*/DISCONNECT
/*C100*/DISCONNECT
/*C121*/SET SCHEMA PUBLIC
DISCONNECT
/*C124*/SET SCHEMA PUBLIC
DISCONNECT
/*C125*/SET SCHEMA PUBLIC
DISCONNECT
/*C123*/SET SCHEMA PUBLIC
DELETE FROM SYS_SERVER WHERE ID='6543b0f1-ae52-8fac-788b-5b0b0909e5b2'
INSERT INTO SYS_SERVER VALUES('6543b0f1-ae52-8fac-788b-5b0b0909e5b2','2018-04-16 17:15:29.237000',NULL,'2018-04-16 18:43:02.729000',NULL,'localhost:8088/app-core',TRUE,NULL)
COMMIT
INSERT INTO SEC_REMEMBER_ME VALUES('f6f4d0f2-9852-5bb2-fe27-50f43a4e5460',NULL,NULL,NULL,'60885987-1b61-4247-94c7-dff348347f93','sBHj9crxKna4SQDEckppDLEjkTmMqXYA')
COMMIT
DELETE FROM SYS_SERVER WHERE ID='6543b0f1-ae52-8fac-788b-5b0b0909e5b2'
INSERT INTO SYS_SERVER VALUES('6543b0f1-ae52-8fac-788b-5b0b0909e5b2','2018-04-16 17:15:29.237000',NULL,'2018-04-16 18:44:02.727000',NULL,'localhost:8088/app-core',TRUE,NULL)
COMMIT
INSERT INTO SEC_REMEMBER_ME VALUES('c7605186-e0a8-af70-4eb4-ec08936af171',NULL,NULL,NULL,'60885987-1b61-4247-94c7-dff348347f93','pj9EJA6QjddvcVPNVDdljJvGTijAdXso')
COMMIT
/*C126*/SET SCHEMA PUBLIC
DISCONNECT
/*C127*/SET SCHEMA PUBLIC
DISCONNECT
/*C128*/SET SCHEMA PUBLIC
DISCONNECT
/*C129*/SET SCHEMA PUBLIC
DISCONNECT
/*C131*/SET SCHEMA PUBLIC
DISCONNECT
/*C130*/SET SCHEMA PUBLIC
DISCONNECT
/*C132*/SET SCHEMA PUBLIC
DISCONNECT
/*C133*/SET SCHEMA PUBLIC
DISCONNECT
/*C123*/DELETE FROM SYS_SERVER WHERE ID='6543b0f1-ae52-8fac-788b-5b0b0909e5b2'
INSERT INTO SYS_SERVER VALUES('6543b0f1-ae52-8fac-788b-5b0b0909e5b2','2018-04-16 17:15:29.237000',NULL,'2018-04-16 18:44:25.509000',NULL,'localhost:8088/app-core',FALSE,NULL)
COMMIT
DISCONNECT
/*C122*/SET SCHEMA PUBLIC
DISCONNECT
/*C134*/SET SCHEMA PUBLIC
DISCONNECT
/*C137*/SET SCHEMA PUBLIC
DISCONNECT
/*C136*/SET SCHEMA PUBLIC
INSERT INTO SEC_REMEMBER_ME VALUES('4e177129-51cc-906b-297d-dfca2969fc97',NULL,NULL,NULL,'60885987-1b61-4247-94c7-dff348347f93','aF80Tpm0Vyp78dPF0GDLnyu9WdaZzE1W')
COMMIT
DELETE FROM SYS_SERVER WHERE ID='6543b0f1-ae52-8fac-788b-5b0b0909e5b2'
INSERT INTO SYS_SERVER VALUES('6543b0f1-ae52-8fac-788b-5b0b0909e5b2','2018-04-16 17:15:29.237000',NULL,'2018-04-16 18:45:53.005000',NULL,'localhost:8088/app-core',TRUE,NULL)
COMMIT
/*C138*/SET SCHEMA PUBLIC
DISCONNECT
/*C135*/SET SCHEMA PUBLIC
INSERT INTO SEC_REMEMBER_ME VALUES('e0913b98-a1c4-7b76-02b7-1c59e415747e',NULL,NULL,NULL,'60885987-1b61-4247-94c7-dff348347f93','SxlKZUsSgUH9IXnltQpyACBfqpZHPSna')
COMMIT
DELETE FROM SYS_SERVER WHERE ID='6543b0f1-ae52-8fac-788b-5b0b0909e5b2'
INSERT INTO SYS_SERVER VALUES('6543b0f1-ae52-8fac-788b-5b0b0909e5b2','2018-04-16 17:15:29.237000',NULL,'2018-04-16 18:46:53.006000',NULL,'localhost:8088/app-core',TRUE,NULL)
COMMIT
DELETE FROM SYS_SERVER WHERE ID='6543b0f1-ae52-8fac-788b-5b0b0909e5b2'
INSERT INTO SYS_SERVER VALUES('6543b0f1-ae52-8fac-788b-5b0b0909e5b2','2018-04-16 17:15:29.237000',NULL,'2018-04-16 18:47:53.018000',NULL,'localhost:8088/app-core',TRUE,NULL)
COMMIT
DELETE FROM SYS_SERVER WHERE ID='6543b0f1-ae52-8fac-788b-5b0b0909e5b2'
INSERT INTO SYS_SERVER VALUES('6543b0f1-ae52-8fac-788b-5b0b0909e5b2','2018-04-16 17:15:29.237000',NULL,'2018-04-16 18:48:53.019000',NULL,'localhost:8088/app-core',TRUE,NULL)
COMMIT
DELETE FROM SYS_SERVER WHERE ID='6543b0f1-ae52-8fac-788b-5b0b0909e5b2'
INSERT INTO SYS_SERVER VALUES('6543b0f1-ae52-8fac-788b-5b0b0909e5b2','2018-04-16 17:15:29.237000',NULL,'2018-04-16 18:49:53.021000',NULL,'localhost:8088/app-core',TRUE,NULL)
COMMIT
/*C136*/INSERT INTO SEC_REMEMBER_ME VALUES('cc2033b4-2e9a-c9fc-9f09-238dc962f63b',NULL,NULL,NULL,'60885987-1b61-4247-94c7-dff348347f93','CYStrp24pSLBJzbpqf7SygrekViHgjxd')
COMMIT
DELETE FROM SYS_SERVER WHERE ID='6543b0f1-ae52-8fac-788b-5b0b0909e5b2'
INSERT INTO SYS_SERVER VALUES('6543b0f1-ae52-8fac-788b-5b0b0909e5b2','2018-04-16 17:15:29.237000',NULL,'2018-04-16 18:50:53.027000',NULL,'localhost:8088/app-core',TRUE,NULL)
COMMIT
/*C135*/INSERT INTO SEC_REMEMBER_ME VALUES('420d82b6-55a4-988a-9c26-294e567c0119',NULL,NULL,NULL,'60885987-1b61-4247-94c7-dff348347f93','HOB2nBJzjiPzwGn6oimf8w2x8znAPe72')
COMMIT
DELETE FROM SYS_SERVER WHERE ID='6543b0f1-ae52-8fac-788b-5b0b0909e5b2'
INSERT INTO SYS_SERVER VALUES('6543b0f1-ae52-8fac-788b-5b0b0909e5b2','2018-04-16 17:15:29.237000',NULL,'2018-04-16 18:51:53.030000',NULL,'localhost:8088/app-core',TRUE,NULL)
COMMIT
/*C136*/DELETE FROM SYS_SERVER WHERE ID='6543b0f1-ae52-8fac-788b-5b0b0909e5b2'
INSERT INTO SYS_SERVER VALUES('6543b0f1-ae52-8fac-788b-5b0b0909e5b2','2018-04-16 17:15:29.237000',NULL,'2018-04-16 18:52:53.034000',NULL,'localhost:8088/app-core',TRUE,NULL)
COMMIT
INSERT INTO SCT_VT_OPC_SIGNAL_UPDATE_LOG VALUES('7e9681a3-e058-1275-58a6-1388ffcb3fc4',1,'2018-04-16 18:52:58.574000','admin','2018-04-16 18:52:58.574000',NULL,NULL,NULL,'11','1','1','2018-04-16 00:00:00.000000',NULL)
COMMIT
INSERT INTO SEC_USER_SETTING VALUES('42c47de7-2800-e743-9553-40f54af4b9a4',NULL,NULL,'60885987-1b61-4247-94c7-dff348347f93','W','sct$VtOPCSignal.edit','<?xml version="1.0" encoding="UTF-8"?>\u000a\u000a<settings>\u000a  <components>\u000a    <component name="vtOPCSignalUpdateLogsTable">\u000a      <columns>\u000a        <columns id="logNumber" visible="true"/>\u000a        <columns id="itemId" visible="true"/>\u000a        <columns id="value" visible="true"/>\u000a        <columns id="recordTime" visible="true"/>\u000a      </columns>\u000a      <groupProperties/>\u000a    </component>\u000a  </components>\u000a</settings>\u000a')
COMMIT
/*C135*/INSERT INTO SCT_VT_OPC_SIGNAL_UPDATE_LOG VALUES('1d1907fc-6190-f3fc-5446-fce50794a51a',1,'2018-04-16 18:53:12.761000','admin','2018-04-16 18:53:12.761000',NULL,NULL,NULL,'1','1','1',NULL,NULL)
COMMIT
DELETE FROM SEC_USER_SETTING WHERE ID='42c47de7-2800-e743-9553-40f54af4b9a4'
INSERT INTO SEC_USER_SETTING VALUES('42c47de7-2800-e743-9553-40f54af4b9a4',NULL,NULL,'60885987-1b61-4247-94c7-dff348347f93','W','sct$VtOPCSignal.edit','<?xml version="1.0" encoding="UTF-8"?>\u000a\u000a<settings> \u000a  <components> \u000a    <component name="vtOPCSignalUpdateLogsTable"> \u000a      <columns>\u000a        <columns id="logNumber" visible="true"/>\u000a        <columns id="itemId" visible="true"/>\u000a        <columns id="value" visible="true"/>\u000a        <columns id="recordTime" visible="true"/>\u000a      </columns>\u000a      <groupProperties/>\u000a    </component> \u000a  </components> \u000a</settings>\u000a')
COMMIT
DELETE FROM SYS_SERVER WHERE ID='6543b0f1-ae52-8fac-788b-5b0b0909e5b2'
INSERT INTO SYS_SERVER VALUES('6543b0f1-ae52-8fac-788b-5b0b0909e5b2','2018-04-16 17:15:29.237000',NULL,'2018-04-16 18:53:53.036000',NULL,'localhost:8088/app-core',TRUE,NULL)
COMMIT
INSERT INTO SCT_VT_OPC_SIGNAL_UPDATE_LOG VALUES('69c65abc-dcae-b5cc-052f-5702841c9c0d',1,'2018-04-16 18:53:56.024000','admin','2018-04-16 18:53:56.024000',NULL,NULL,NULL,'1','1','1','2018-04-09 11:11:00.000000',NULL)
COMMIT
/*C136*/DELETE FROM SYS_SERVER WHERE ID='6543b0f1-ae52-8fac-788b-5b0b0909e5b2'
INSERT INTO SYS_SERVER VALUES('6543b0f1-ae52-8fac-788b-5b0b0909e5b2','2018-04-16 17:15:29.237000',NULL,'2018-04-16 18:54:53.038000',NULL,'localhost:8088/app-core',TRUE,NULL)
COMMIT
/*C135*/DELETE FROM SYS_SERVER WHERE ID='6543b0f1-ae52-8fac-788b-5b0b0909e5b2'
INSERT INTO SYS_SERVER VALUES('6543b0f1-ae52-8fac-788b-5b0b0909e5b2','2018-04-16 17:15:29.237000',NULL,'2018-04-16 18:55:53.043000',NULL,'localhost:8088/app-core',TRUE,NULL)
COMMIT
DELETE FROM SYS_SERVER WHERE ID='6543b0f1-ae52-8fac-788b-5b0b0909e5b2'
INSERT INTO SYS_SERVER VALUES('6543b0f1-ae52-8fac-788b-5b0b0909e5b2','2018-04-16 17:15:29.237000',NULL,'2018-04-16 18:56:53.044000',NULL,'localhost:8088/app-core',TRUE,NULL)
COMMIT
/*C136*/DELETE FROM SYS_SERVER WHERE ID='6543b0f1-ae52-8fac-788b-5b0b0909e5b2'
INSERT INTO SYS_SERVER VALUES('6543b0f1-ae52-8fac-788b-5b0b0909e5b2','2018-04-16 17:15:29.237000',NULL,'2018-04-16 18:57:53.047000',NULL,'localhost:8088/app-core',TRUE,NULL)
COMMIT
/*C135*/DELETE FROM SYS_SERVER WHERE ID='6543b0f1-ae52-8fac-788b-5b0b0909e5b2'
INSERT INTO SYS_SERVER VALUES('6543b0f1-ae52-8fac-788b-5b0b0909e5b2','2018-04-16 17:15:29.237000',NULL,'2018-04-16 18:58:53.052000',NULL,'localhost:8088/app-core',TRUE,NULL)
COMMIT
DELETE FROM SYS_SERVER WHERE ID='6543b0f1-ae52-8fac-788b-5b0b0909e5b2'
INSERT INTO SYS_SERVER VALUES('6543b0f1-ae52-8fac-788b-5b0b0909e5b2','2018-04-16 17:15:29.237000',NULL,'2018-04-16 18:59:53.055000',NULL,'localhost:8088/app-core',TRUE,NULL)
COMMIT
/*C139*/SET SCHEMA PUBLIC
DISCONNECT
/*C135*/DELETE FROM SYS_SERVER WHERE ID='6543b0f1-ae52-8fac-788b-5b0b0909e5b2'
INSERT INTO SYS_SERVER VALUES('6543b0f1-ae52-8fac-788b-5b0b0909e5b2','2018-04-16 17:15:29.237000',NULL,'2018-04-16 19:00:53.060000',NULL,'localhost:8088/app-core',TRUE,NULL)
COMMIT
/*C136*/DELETE FROM SYS_SERVER WHERE ID='6543b0f1-ae52-8fac-788b-5b0b0909e5b2'
INSERT INTO SYS_SERVER VALUES('6543b0f1-ae52-8fac-788b-5b0b0909e5b2','2018-04-16 17:15:29.237000',NULL,'2018-04-16 19:01:53.065000',NULL,'localhost:8088/app-core',TRUE,NULL)
COMMIT
/*C140*/SET SCHEMA PUBLIC
DISCONNECT
/*C135*/DELETE FROM SYS_SERVER WHERE ID='6543b0f1-ae52-8fac-788b-5b0b0909e5b2'
INSERT INTO SYS_SERVER VALUES('6543b0f1-ae52-8fac-788b-5b0b0909e5b2','2018-04-16 17:15:29.237000',NULL,'2018-04-16 19:02:53.078000',NULL,'localhost:8088/app-core',TRUE,NULL)
COMMIT
/*C141*/SET SCHEMA PUBLIC
DISCONNECT
/*C136*/DELETE FROM SYS_SERVER WHERE ID='6543b0f1-ae52-8fac-788b-5b0b0909e5b2'
INSERT INTO SYS_SERVER VALUES('6543b0f1-ae52-8fac-788b-5b0b0909e5b2','2018-04-16 17:15:29.237000',NULL,'2018-04-16 19:03:53.084000',NULL,'localhost:8088/app-core',TRUE,NULL)
COMMIT
/*C135*/DELETE FROM SYS_SERVER WHERE ID='6543b0f1-ae52-8fac-788b-5b0b0909e5b2'
INSERT INTO SYS_SERVER VALUES('6543b0f1-ae52-8fac-788b-5b0b0909e5b2','2018-04-16 17:15:29.237000',NULL,'2018-04-16 19:04:53.087000',NULL,'localhost:8088/app-core',TRUE,NULL)
COMMIT
DELETE FROM SYS_SERVER WHERE ID='6543b0f1-ae52-8fac-788b-5b0b0909e5b2'
INSERT INTO SYS_SERVER VALUES('6543b0f1-ae52-8fac-788b-5b0b0909e5b2','2018-04-16 17:15:29.237000',NULL,'2018-04-16 19:05:53.091000',NULL,'localhost:8088/app-core',TRUE,NULL)
COMMIT
/*C142*/SET SCHEMA PUBLIC
DISCONNECT
/*C135*/DELETE FROM SYS_SERVER WHERE ID='6543b0f1-ae52-8fac-788b-5b0b0909e5b2'
INSERT INTO SYS_SERVER VALUES('6543b0f1-ae52-8fac-788b-5b0b0909e5b2','2018-04-16 17:15:29.237000',NULL,'2018-04-16 19:06:53.093000',NULL,'localhost:8088/app-core',TRUE,NULL)
COMMIT
/*C136*/DELETE FROM SYS_SERVER WHERE ID='6543b0f1-ae52-8fac-788b-5b0b0909e5b2'
INSERT INTO SYS_SERVER VALUES('6543b0f1-ae52-8fac-788b-5b0b0909e5b2','2018-04-16 17:15:29.237000',NULL,'2018-04-16 19:07:53.095000',NULL,'localhost:8088/app-core',TRUE,NULL)
COMMIT
/*C143*/SET SCHEMA PUBLIC
DISCONNECT
/*C135*/DELETE FROM SYS_SERVER WHERE ID='6543b0f1-ae52-8fac-788b-5b0b0909e5b2'
INSERT INTO SYS_SERVER VALUES('6543b0f1-ae52-8fac-788b-5b0b0909e5b2','2018-04-16 17:15:29.237000',NULL,'2018-04-16 19:08:53.099000',NULL,'localhost:8088/app-core',TRUE,NULL)
COMMIT
DELETE FROM SYS_SERVER WHERE ID='6543b0f1-ae52-8fac-788b-5b0b0909e5b2'
INSERT INTO SYS_SERVER VALUES('6543b0f1-ae52-8fac-788b-5b0b0909e5b2','2018-04-16 17:15:29.237000',NULL,'2018-04-16 19:09:53.101000',NULL,'localhost:8088/app-core',TRUE,NULL)
COMMIT
/*C136*/DELETE FROM SYS_SERVER WHERE ID='6543b0f1-ae52-8fac-788b-5b0b0909e5b2'
INSERT INTO SYS_SERVER VALUES('6543b0f1-ae52-8fac-788b-5b0b0909e5b2','2018-04-16 17:15:29.237000',NULL,'2018-04-16 19:10:53.104000',NULL,'localhost:8088/app-core',TRUE,NULL)
COMMIT
/*C135*/DELETE FROM SYS_SERVER WHERE ID='6543b0f1-ae52-8fac-788b-5b0b0909e5b2'
INSERT INTO SYS_SERVER VALUES('6543b0f1-ae52-8fac-788b-5b0b0909e5b2','2018-04-16 17:15:29.237000',NULL,'2018-04-16 19:11:53.107000',NULL,'localhost:8088/app-core',TRUE,NULL)
COMMIT
DELETE FROM SYS_SERVER WHERE ID='6543b0f1-ae52-8fac-788b-5b0b0909e5b2'
INSERT INTO SYS_SERVER VALUES('6543b0f1-ae52-8fac-788b-5b0b0909e5b2','2018-04-16 17:15:29.237000',NULL,'2018-04-16 19:12:53.109000',NULL,'localhost:8088/app-core',TRUE,NULL)
COMMIT
/*C136*/DELETE FROM SYS_SERVER WHERE ID='6543b0f1-ae52-8fac-788b-5b0b0909e5b2'
INSERT INTO SYS_SERVER VALUES('6543b0f1-ae52-8fac-788b-5b0b0909e5b2','2018-04-16 17:15:29.237000',NULL,'2018-04-16 19:13:53.111000',NULL,'localhost:8088/app-core',TRUE,NULL)
COMMIT
/*C135*/DELETE FROM SYS_SERVER WHERE ID='6543b0f1-ae52-8fac-788b-5b0b0909e5b2'
INSERT INTO SYS_SERVER VALUES('6543b0f1-ae52-8fac-788b-5b0b0909e5b2','2018-04-16 17:15:29.237000',NULL,'2018-04-16 19:14:53.115000',NULL,'localhost:8088/app-core',TRUE,NULL)
COMMIT
/*C136*/DELETE FROM SYS_SERVER WHERE ID='6543b0f1-ae52-8fac-788b-5b0b0909e5b2'
INSERT INTO SYS_SERVER VALUES('6543b0f1-ae52-8fac-788b-5b0b0909e5b2','2018-04-16 17:15:29.237000',NULL,'2018-04-16 19:15:53.119000',NULL,'localhost:8088/app-core',TRUE,NULL)
COMMIT
/*C135*/DELETE FROM SYS_SERVER WHERE ID='6543b0f1-ae52-8fac-788b-5b0b0909e5b2'
INSERT INTO SYS_SERVER VALUES('6543b0f1-ae52-8fac-788b-5b0b0909e5b2','2018-04-16 17:15:29.237000',NULL,'2018-04-16 19:16:53.125000',NULL,'localhost:8088/app-core',TRUE,NULL)
COMMIT
DELETE FROM SYS_SERVER WHERE ID='6543b0f1-ae52-8fac-788b-5b0b0909e5b2'
INSERT INTO SYS_SERVER VALUES('6543b0f1-ae52-8fac-788b-5b0b0909e5b2','2018-04-16 17:15:29.237000',NULL,'2018-04-16 19:17:53.138000',NULL,'localhost:8088/app-core',TRUE,NULL)
COMMIT
/*C136*/DELETE FROM SYS_SERVER WHERE ID='6543b0f1-ae52-8fac-788b-5b0b0909e5b2'
INSERT INTO SYS_SERVER VALUES('6543b0f1-ae52-8fac-788b-5b0b0909e5b2','2018-04-16 17:15:29.237000',NULL,'2018-04-16 19:18:53.144000',NULL,'localhost:8088/app-core',TRUE,NULL)
COMMIT
/*C135*/DELETE FROM SYS_SERVER WHERE ID='6543b0f1-ae52-8fac-788b-5b0b0909e5b2'
INSERT INTO SYS_SERVER VALUES('6543b0f1-ae52-8fac-788b-5b0b0909e5b2','2018-04-16 17:15:29.237000',NULL,'2018-04-16 19:19:53.147000',NULL,'localhost:8088/app-core',TRUE,NULL)
COMMIT
/*C136*/DELETE FROM SYS_SERVER WHERE ID='6543b0f1-ae52-8fac-788b-5b0b0909e5b2'
INSERT INTO SYS_SERVER VALUES('6543b0f1-ae52-8fac-788b-5b0b0909e5b2','2018-04-16 17:15:29.237000',NULL,'2018-04-16 19:20:53.152000',NULL,'localhost:8088/app-core',TRUE,NULL)
COMMIT
/*C144*/SET SCHEMA PUBLIC
DISCONNECT
/*C136*/DELETE FROM SYS_SERVER WHERE ID='6543b0f1-ae52-8fac-788b-5b0b0909e5b2'
INSERT INTO SYS_SERVER VALUES('6543b0f1-ae52-8fac-788b-5b0b0909e5b2','2018-04-16 17:15:29.237000',NULL,'2018-04-16 19:21:53.157000',NULL,'localhost:8088/app-core',TRUE,NULL)
COMMIT
DELETE FROM SYS_SERVER WHERE ID='6543b0f1-ae52-8fac-788b-5b0b0909e5b2'
INSERT INTO SYS_SERVER VALUES('6543b0f1-ae52-8fac-788b-5b0b0909e5b2','2018-04-16 17:15:29.237000',NULL,'2018-04-16 19:22:53.158000',NULL,'localhost:8088/app-core',TRUE,NULL)
COMMIT
/*C145*/SET SCHEMA PUBLIC
DISCONNECT
/*C146*/SET SCHEMA PUBLIC
DISCONNECT
/*C147*/SET SCHEMA PUBLIC
DISCONNECT
/*C148*/SET SCHEMA PUBLIC
DISCONNECT
/*C149*/SET SCHEMA PUBLIC
DISCONNECT
/*C151*/SET SCHEMA PUBLIC
DISCONNECT
/*C150*/SET SCHEMA PUBLIC
DISCONNECT
/*C152*/SET SCHEMA PUBLIC
DISCONNECT
/*C153*/SET SCHEMA PUBLIC
DISCONNECT
/*C135*/DELETE FROM SYS_SERVER WHERE ID='6543b0f1-ae52-8fac-788b-5b0b0909e5b2'
INSERT INTO SYS_SERVER VALUES('6543b0f1-ae52-8fac-788b-5b0b0909e5b2','2018-04-16 17:15:29.237000',NULL,'2018-04-16 19:23:28.005000',NULL,'localhost:8088/app-core',FALSE,NULL)
COMMIT
/*C136*/DISCONNECT
/*C135*/DISCONNECT
/*C154*/SET SCHEMA PUBLIC
DISCONNECT
/*C156*/SET SCHEMA PUBLIC
DISCONNECT
/*C158*/SET SCHEMA PUBLIC
DISCONNECT
/*C157*/SET SCHEMA PUBLIC
DELETE FROM SYS_SERVER WHERE ID='6543b0f1-ae52-8fac-788b-5b0b0909e5b2'
INSERT INTO SYS_SERVER VALUES('6543b0f1-ae52-8fac-788b-5b0b0909e5b2','2018-04-16 17:15:29.237000',NULL,'2018-04-16 19:25:06.510000',NULL,'localhost:8088/app-core',TRUE,NULL)
COMMIT
INSERT INTO SEC_REMEMBER_ME VALUES('1935c875-f3e9-f738-b3d9-511fa50329e6',NULL,NULL,NULL,'60885987-1b61-4247-94c7-dff348347f93','4f4TIXMfYpoOtwNvoEovPxeYb6gYE0PQ')
COMMIT
INSERT INTO SCT_VT_OPC_SIGNAL_UPDATE_LOG VALUES('160c8ffe-5a92-1c2a-5925-548c65d83010',1,'2018-04-16 19:25:23.916000','admin','2018-04-16 19:25:23.916000',NULL,NULL,NULL,'11','11','111','2018-04-09 00:00:00.000000','03c37009-58d6-e04f-2e66-e9ba6ba81e71')
COMMIT
DELETE FROM SEC_USER_SETTING WHERE ID='42c47de7-2800-e743-9553-40f54af4b9a4'
INSERT INTO SEC_USER_SETTING VALUES('42c47de7-2800-e743-9553-40f54af4b9a4',NULL,NULL,'60885987-1b61-4247-94c7-dff348347f93','W','sct$VtOPCSignal.edit','<?xml version="1.0" encoding="UTF-8"?>\u000a\u000a<settings> \u000a  <components> \u000a    <component name="vtOPCSignalUpdateLogsTable"> \u000a      <columns> \u000a        <columns id="logNumber" visible="true"/>  \u000a        <columns id="itemId" visible="true"/>  \u000a        <columns id="value" visible="true"/>  \u000a        <columns id="recordTime" visible="true"/> \u000a      </columns>  \u000a      <groupProperties/> \u000a    </component>  \u000a    <component name="updateLogsBox">\u000a      <groupBox expanded="true"/>\u000a    </component>\u000a    <component name="updateLogsTable">\u000a      <columns>\u000a        <columns id="value" visible="true"/>\u000a        <columns id="recordTime" visible="true"/>\u000a      </columns>\u000a    </component>\u000a  </components> \u000a</settings>\u000a')
COMMIT
/*C159*/SET SCHEMA PUBLIC
DISCONNECT
/*C155*/SET SCHEMA PUBLIC
DELETE FROM SYS_SERVER WHERE ID='6543b0f1-ae52-8fac-788b-5b0b0909e5b2'
INSERT INTO SYS_SERVER VALUES('6543b0f1-ae52-8fac-788b-5b0b0909e5b2','2018-04-16 17:15:29.237000',NULL,'2018-04-16 19:26:06.508000',NULL,'localhost:8088/app-core',TRUE,NULL)
COMMIT
