/*C20*/SET SCHEMA PUBLIC
DISCONNECT
/*C21*/SET SCHEMA PUBLIC
DELETE FROM SYS_SERVER WHERE ID='89105043-9659-13de-a354-fa74d622c577'
INSERT INTO SYS_SERVER VALUES('89105043-9659-13de-a354-fa74d622c577','2018-04-16 17:30:10.101000',NULL,'2018-04-20 13:57:56.099000',NULL,'localhost:8080/printer-core',TRUE,NULL)
COMMIT
INSERT INTO SEC_REMEMBER_ME VALUES('dc5fbaab-2987-8ef3-daaa-0734512670d5',NULL,NULL,NULL,'60885987-1b61-4247-94c7-dff348347f93','hkfogCG0PBbNJnow2PZiygWXz3Pidx4L')
COMMIT
DELETE FROM SYS_SERVER WHERE ID='89105043-9659-13de-a354-fa74d622c577'
INSERT INTO SYS_SERVER VALUES('89105043-9659-13de-a354-fa74d622c577','2018-04-16 17:30:10.101000',NULL,'2018-04-20 13:58:56.093000',NULL,'localhost:8080/printer-core',TRUE,NULL)
COMMIT
DELETE FROM SYS_SERVER WHERE ID='89105043-9659-13de-a354-fa74d622c577'
INSERT INTO SYS_SERVER VALUES('89105043-9659-13de-a354-fa74d622c577','2018-04-16 17:30:10.101000',NULL,'2018-04-20 13:59:56.098000',NULL,'localhost:8080/printer-core',TRUE,NULL)
COMMIT
DELETE FROM SYS_SERVER WHERE ID='89105043-9659-13de-a354-fa74d622c577'
INSERT INTO SYS_SERVER VALUES('89105043-9659-13de-a354-fa74d622c577','2018-04-16 17:30:10.101000',NULL,'2018-04-20 14:00:56.104000',NULL,'localhost:8080/printer-core',TRUE,NULL)
COMMIT
DELETE FROM SYS_SERVER WHERE ID='89105043-9659-13de-a354-fa74d622c577'
INSERT INTO SYS_SERVER VALUES('89105043-9659-13de-a354-fa74d622c577','2018-04-16 17:30:10.101000',NULL,'2018-04-20 14:01:56.108000',NULL,'localhost:8080/printer-core',TRUE,NULL)
COMMIT
DELETE FROM SYS_SERVER WHERE ID='89105043-9659-13de-a354-fa74d622c577'
INSERT INTO SYS_SERVER VALUES('89105043-9659-13de-a354-fa74d622c577','2018-04-16 17:30:10.101000',NULL,'2018-04-20 14:02:06.506000',NULL,'localhost:8080/printer-core',FALSE,NULL)
COMMIT
DISCONNECT
/*C22*/SET SCHEMA PUBLIC
DISCONNECT
/*C23*/SET SCHEMA PUBLIC
DELETE FROM SYS_SERVER WHERE ID='89105043-9659-13de-a354-fa74d622c577'
INSERT INTO SYS_SERVER VALUES('89105043-9659-13de-a354-fa74d622c577','2018-04-16 17:30:10.101000',NULL,'2018-04-20 14:03:37.941000',NULL,'localhost:8080/printer-core',TRUE,NULL)
COMMIT
DELETE FROM SYS_SERVER WHERE ID='89105043-9659-13de-a354-fa74d622c577'
INSERT INTO SYS_SERVER VALUES('89105043-9659-13de-a354-fa74d622c577','2018-04-16 17:30:10.101000',NULL,'2018-04-20 14:04:37.937000',NULL,'localhost:8080/printer-core',TRUE,NULL)
COMMIT
DELETE FROM SYS_SERVER WHERE ID='89105043-9659-13de-a354-fa74d622c577'
INSERT INTO SYS_SERVER VALUES('89105043-9659-13de-a354-fa74d622c577','2018-04-16 17:30:10.101000',NULL,'2018-04-20 14:05:37.940000',NULL,'localhost:8080/printer-core',TRUE,NULL)
COMMIT
DELETE FROM SYS_SERVER WHERE ID='89105043-9659-13de-a354-fa74d622c577'
INSERT INTO SYS_SERVER VALUES('89105043-9659-13de-a354-fa74d622c577','2018-04-16 17:30:10.101000',NULL,'2018-04-20 14:06:37.960000',NULL,'localhost:8080/printer-core',TRUE,NULL)
COMMIT
DELETE FROM SYS_SERVER WHERE ID='89105043-9659-13de-a354-fa74d622c577'
INSERT INTO SYS_SERVER VALUES('89105043-9659-13de-a354-fa74d622c577','2018-04-16 17:30:10.101000',NULL,'2018-04-20 14:07:37.967000',NULL,'localhost:8080/printer-core',TRUE,NULL)
COMMIT
DELETE FROM SYS_SERVER WHERE ID='89105043-9659-13de-a354-fa74d622c577'
INSERT INTO SYS_SERVER VALUES('89105043-9659-13de-a354-fa74d622c577','2018-04-16 17:30:10.101000',NULL,'2018-04-20 14:08:37.969000',NULL,'localhost:8080/printer-core',TRUE,NULL)
COMMIT
DELETE FROM SYS_SERVER WHERE ID='89105043-9659-13de-a354-fa74d622c577'
INSERT INTO SYS_SERVER VALUES('89105043-9659-13de-a354-fa74d622c577','2018-04-16 17:30:10.101000',NULL,'2018-04-20 14:09:29.147000',NULL,'localhost:8080/printer-core',FALSE,NULL)
COMMIT
DISCONNECT
